This is pdfTeX, Version 3.14159265-2.6-1.40.20 (TeX Live 2019/Debian) (preloaded format=pdflatex 2022.4.24)  5 MAY 2022 18:41
entering extended mode
 restricted \write18 enabled.
 %&-line parsing enabled.
**TFG.tex
(./TFG.tex
LaTeX2e <2020-02-02> patch level 2
L3 programming layer <2020-02-14> (./configuration/configuration.tex
(/usr/share/texlive/texmf-dist/tex/latex/base/book.cls
Document Class: book 2019/12/20 v1.4l Standard LaTeX document class
(/usr/share/texlive/texmf-dist/tex/latex/base/bk11.clo
File: bk11.clo 2019/12/20 v1.4l Standard LaTeX file (size option)
)
\c@part=\count167
\c@chapter=\count168
\c@section=\count169
\c@subsection=\count170
\c@subsubsection=\count171
\c@paragraph=\count172
\c@subparagraph=\count173
\c@figure=\count174
\c@table=\count175
\abovecaptionskip=\skip47
\belowcaptionskip=\skip48
\bibindent=\dimen134
)
(/usr/share/texlive/texmf-dist/tex/latex/geometry/geometry.sty
Package: geometry 2020/01/02 v5.9 Page Geometry

(/usr/share/texlive/texmf-dist/tex/latex/graphics/keyval.sty
Package: keyval 2014/10/28 v1.15 key=value parser (DPC)
\KV@toks@=\toks14
)
(/usr/share/texlive/texmf-dist/tex/generic/iftex/ifvtex.sty
Package: ifvtex 2019/10/25 v1.7 ifvtex legacy package. Use iftex instead.

(/usr/share/texlive/texmf-dist/tex/generic/iftex/iftex.sty
Package: iftex 2019/11/07 v1.0c TeX engine tests
))
\Gm@cnth=\count176
\Gm@cntv=\count177
\c@Gm@tempcnt=\count178
\Gm@bindingoffset=\dimen135
\Gm@wd@mp=\dimen136
\Gm@odd@mp=\dimen137
\Gm@even@mp=\dimen138
\Gm@layoutwidth=\dimen139
\Gm@layoutheight=\dimen140
\Gm@layouthoffset=\dimen141
\Gm@layoutvoffset=\dimen142
\Gm@dimlist=\toks15
)
(/usr/share/texlive/texmf-dist/tex/latex/parskip/parskip.sty
Package: parskip 2020-01-22 v2.0d non-zero parskip adjustments

(/usr/share/texlive/texmf-dist/tex/latex/kvoptions/kvoptions.sty
Package: kvoptions 2019/11/29 v3.13 Key value format for package options (HO)

(/usr/share/texlive/texmf-dist/tex/generic/ltxcmds/ltxcmds.sty
Package: ltxcmds 2019/12/15 v1.24 LaTeX kernel commands for general use (HO)
)
(/usr/share/texlive/texmf-dist/tex/generic/kvsetkeys/kvsetkeys.sty
Package: kvsetkeys 2019/12/15 v1.18 Key value parser (HO)
))
(/usr/share/texlive/texmf-dist/tex/latex/etoolbox/etoolbox.sty
Package: etoolbox 2019/09/21 v2.5h e-TeX tools for LaTeX (JAW)
\etb@tempcnta=\count179
))
(/usr/share/texlive/texmf-dist/tex/latex/base/inputenc.sty
Package: inputenc 2018/08/11 v1.3c Input encoding file
\inpenc@prehook=\toks16
\inpenc@posthook=\toks17
)
(/usr/share/texlive/texmf-dist/tex/generic/babel/babel.sty
Package: babel 2020/02/14 3.40 The Babel package

(/usr/share/texlive/texmf-dist/tex/generic/babel/switch.def
File: switch.def 2020/02/14 3.40 Babel switching mechanism
)
(/usr/share/texlive/texmf-dist/tex/generic/babel-english/british.ldf
Language: british 2017/06/06 v3.3r English support from the babel system

(/usr/share/texlive/texmf-dist/tex/generic/babel-english/english.ldf
Language: english 2017/06/06 v3.3r English support from the babel system

(/usr/share/texlive/texmf-dist/tex/generic/babel/babel.def
File: babel.def 2020/02/14 3.40 Babel common definitions
\babel@savecnt=\count180
\U@D=\dimen143

(/usr/share/texlive/texmf-dist/tex/generic/babel/txtbabel.def)
\bbl@readstream=\read2
\bbl@dirlevel=\count181
)
Package babel Info: \l@canadian = using hyphenrules for english
(babel)             (\language0) on input line 102.
Package babel Info: \l@australian = using hyphenrules for ukenglish
(babel)             (\language5) on input line 105.
Package babel Info: \l@newzealand = using hyphenrules for ukenglish
(babel)             (\language5) on input line 108.
))
(/usr/share/texlive/texmf-dist/tex/generic/babel-spanish/spanish.ldf
Language: spanish.ldf 2016/03/03 v5.0p Spanish support from the babel system
\es@quottoks=\toks18
\es@quotdepth=\count182
Package babel Info: Making " an active character on input line 561.
Package babel Info: Making . an active character on input line 662.
Package babel Info: Making < an active character on input line 707.
Package babel Info: Making > an active character on input line 707.
))
(/usr/share/texlive/texmf-dist/tex/latex/base/fontenc.sty
Package: fontenc 2020/02/11 v2.0o Standard LaTeX package
)
(/usr/share/texlive/texmf-dist/tex/latex/biblatex/biblatex.sty
Package: biblatex 2019/12/01 v3.14 programmable bibliographies (PK/MW)

(/usr/share/texlive/texmf-dist/tex/latex/pdftexcmds/pdftexcmds.sty
Package: pdftexcmds 2019/11/24 v0.31 Utility functions of pdfTeX for LuaTeX (HO
)

(/usr/share/texlive/texmf-dist/tex/generic/infwarerr/infwarerr.sty
Package: infwarerr 2019/12/03 v1.5 Providing info/warning/error messages (HO)
)
Package pdftexcmds Info: \pdf@primitive is available.
Package pdftexcmds Info: \pdf@ifprimitive is available.
Package pdftexcmds Info: \pdfdraftmode found.
)
(/usr/share/texlive/texmf-dist/tex/latex/logreq/logreq.sty
Package: logreq 2010/08/04 v1.0 xml request logger
\lrq@indent=\count183

(/usr/share/texlive/texmf-dist/tex/latex/logreq/logreq.def
File: logreq.def 2010/08/04 v1.0 logreq spec v1.0
))
(/usr/share/texlive/texmf-dist/tex/latex/base/ifthen.sty
Package: ifthen 2014/09/29 v1.1c Standard LaTeX ifthen package (DPC)
)
(/usr/share/texlive/texmf-dist/tex/latex/url/url.sty
\Urlmuskip=\muskip16
Package: url 2013/09/16  ver 3.4  Verb mode for urls, etc.
)
\c@tabx@nest=\count184
\c@listtotal=\count185
\c@listcount=\count186
\c@liststart=\count187
\c@liststop=\count188
\c@citecount=\count189
\c@citetotal=\count190
\c@multicitecount=\count191
\c@multicitetotal=\count192
\c@instcount=\count193
\c@maxnames=\count194
\c@minnames=\count195
\c@maxitems=\count196
\c@minitems=\count197
\c@citecounter=\count198
\c@maxcitecounter=\count199
\c@savedcitecounter=\count266
\c@uniquelist=\count267
\c@uniquename=\count268
\c@refsection=\count269
\c@refsegment=\count270
\c@maxextratitle=\count271
\c@maxextratitleyear=\count272
\c@maxextraname=\count273
\c@maxextradate=\count274
\c@maxextraalpha=\count275
\c@abbrvpenalty=\count276
\c@highnamepenalty=\count277
\c@lownamepenalty=\count278
\c@maxparens=\count279
\c@parenlevel=\count280
\blx@tempcnta=\count281
\blx@tempcntb=\count282
\blx@tempcntc=\count283
\blx@maxsection=\count284
\blx@maxsegment@0=\count285
\blx@notetype=\count286
\blx@parenlevel@text=\count287
\blx@parenlevel@foot=\count288
\blx@sectionciteorder@0=\count289
\blx@entrysetcounter=\count290
\labelnumberwidth=\skip49
\labelalphawidth=\skip50
\biblabelsep=\skip51
\bibitemsep=\skip52
\bibnamesep=\skip53
\bibinitsep=\skip54
\bibparsep=\skip55
\bibhang=\skip56
\blx@bcfin=\read3
\blx@bcfout=\write3
\blx@langwohyphens=\language12
\c@mincomprange=\count291
\c@maxcomprange=\count292
\c@mincompwidth=\count293
Package biblatex Info: Trying to load biblatex default data model...
Package biblatex Info: ... file 'blx-dm.def' found.

(/usr/share/texlive/texmf-dist/tex/latex/biblatex/blx-dm.def
File: blx-dm.def 2019/12/01 v3.14 biblatex localization (PK/MW)
)
Package biblatex Info: Trying to load biblatex style data model...
Package biblatex Info: ... file 'authoryear.dbx' not found.
Package biblatex Info: Trying to load biblatex custom data model...
Package biblatex Info: ... file 'biblatex-dm.cfg' not found.
\c@afterword=\count294
\c@savedafterword=\count295
\c@annotator=\count296
\c@savedannotator=\count297
\c@author=\count298
\c@savedauthor=\count299
\c@bookauthor=\count300
\c@savedbookauthor=\count301
\c@commentator=\count302
\c@savedcommentator=\count303
\c@editor=\count304
\c@savededitor=\count305
\c@editora=\count306
\c@savededitora=\count307
\c@editorb=\count308
\c@savededitorb=\count309
\c@editorc=\count310
\c@savededitorc=\count311
\c@foreword=\count312
\c@savedforeword=\count313
\c@holder=\count314
\c@savedholder=\count315
\c@introduction=\count316
\c@savedintroduction=\count317
\c@namea=\count318
\c@savednamea=\count319
\c@nameb=\count320
\c@savednameb=\count321
\c@namec=\count322
\c@savednamec=\count323
\c@translator=\count324
\c@savedtranslator=\count325
\c@shortauthor=\count326
\c@savedshortauthor=\count327
\c@shorteditor=\count328
\c@savedshorteditor=\count329
\c@labelname=\count330
\c@savedlabelname=\count331
\c@institution=\count332
\c@savedinstitution=\count333
\c@lista=\count334
\c@savedlista=\count335
\c@listb=\count336
\c@savedlistb=\count337
\c@listc=\count338
\c@savedlistc=\count339
\c@listd=\count340
\c@savedlistd=\count341
\c@liste=\count342
\c@savedliste=\count343
\c@listf=\count344
\c@savedlistf=\count345
\c@location=\count346
\c@savedlocation=\count347
\c@organization=\count348
\c@savedorganization=\count349
\c@origlocation=\count350
\c@savedoriglocation=\count351
\c@origpublisher=\count352
\c@savedorigpublisher=\count353
\c@publisher=\count354
\c@savedpublisher=\count355
\c@language=\count356
\c@savedlanguage=\count357
\c@origlanguage=\count358
\c@savedoriglanguage=\count359
\c@pageref=\count360
\c@savedpageref=\count361
\shorthandwidth=\skip57
\shortjournalwidth=\skip58
\shortserieswidth=\skip59
\shorttitlewidth=\skip60
\shortauthorwidth=\skip61
\shorteditorwidth=\skip62
\locallabelnumberwidth=\skip63
\locallabelalphawidth=\skip64
\localshorthandwidth=\skip65
\localshortjournalwidth=\skip66
\localshortserieswidth=\skip67
\localshorttitlewidth=\skip68
\localshortauthorwidth=\skip69
\localshorteditorwidth=\skip70
Package biblatex Info: Trying to load compatibility code...
Package biblatex Info: ... file 'blx-compat.def' found.

(/usr/share/texlive/texmf-dist/tex/latex/biblatex/blx-compat.def
File: blx-compat.def 2019/12/01 v3.14 biblatex compatibility (PK/MW)
)
Package biblatex Info: Trying to load BibTeX backend compatibility...
Package biblatex Info: ... file 'blx-bibtex.def' found.

(/usr/share/texlive/texmf-dist/tex/latex/biblatex/blx-bibtex.def
File: blx-bibtex.def 2019/12/01 v3.14 biblatex compatibility (PK/MW)


Package biblatex Warning: Using fall-back BibTeX(8) backend:
(biblatex)                functionality may be reduced/unavailable.

)
Package biblatex Info: Trying to load generic definitions...
Package biblatex Info: ... file 'biblatex.def' found.
 (/usr/share/texlive/texmf-dist/tex/latex/biblatex/biblatex.def
File: biblatex.def 2019/12/01 v3.14 biblatex compatibility (PK/MW)
\c@textcitecount=\count362
\c@textcitetotal=\count363
\c@textcitemaxnames=\count364
\c@biburlbigbreakpenalty=\count365
\c@biburlbreakpenalty=\count366
\c@biburlnumpenalty=\count367
\c@biburlucpenalty=\count368
\c@biburllcpenalty=\count369
\biburlbigskip=\muskip17
\biburlnumskip=\muskip18
\biburlucskip=\muskip19
\biburllcskip=\muskip20
\c@smartand=\count370
)
Package biblatex Info: Trying to load bibliography style 'authoryear'...
Package biblatex Info: ... file 'authoryear.bbx' found.

(/usr/share/texlive/texmf-dist/tex/latex/biblatex/bbx/authoryear.bbx
File: authoryear.bbx 2019/12/01 v3.14 biblatex bibliography style (PK/MW)
Package biblatex Info: Trying to load bibliography style 'standard'...
Package biblatex Info: ... file 'standard.bbx' found.

(/usr/share/texlive/texmf-dist/tex/latex/biblatex/bbx/standard.bbx
File: standard.bbx 2019/12/01 v3.14 biblatex bibliography style (PK/MW)
\c@bbx:relatedcount=\count371
\c@bbx:relatedtotal=\count372
))
Package biblatex Info: Trying to load citation style 'numeric'...
Package biblatex Info: ... file 'numeric.cbx' found.

(/usr/share/texlive/texmf-dist/tex/latex/biblatex/cbx/numeric.cbx
File: numeric.cbx 2019/12/01 v3.14 biblatex citation style (PK/MW)
Package biblatex Info: Redefining '\cite'.
Package biblatex Info: Redefining '\parencite'.
Package biblatex Info: Redefining '\footcite'.
Package biblatex Info: Redefining '\footcitetext'.
Package biblatex Info: Redefining '\smartcite'.
Package biblatex Info: Redefining '\supercite'.
Package biblatex Info: Redefining '\textcite'.
Package biblatex Info: Redefining '\textcites'.
Package biblatex Info: Redefining '\cites'.
Package biblatex Info: Redefining '\parencites'.
Package biblatex Info: Redefining '\smartcites'.
)
Package biblatex Info: Trying to load configuration file...
Package biblatex Info: ... file 'biblatex.cfg' found.

(/usr/share/texlive/texmf-dist/tex/latex/biblatex/biblatex.cfg
File: biblatex.cfg 
))
(/usr/share/texlive/texmf-dist/tex/latex/csquotes/csquotes.sty
Package: csquotes 2019-12-06 v5.2j context-sensitive quotations (JAW)
\csq@reset=\count373
\csq@gtype=\count374
\csq@glevel=\count375
\csq@qlevel=\count376
\csq@maxlvl=\count377
\csq@tshold=\count378
\csq@ltx@everypar=\toks19

(/usr/share/texlive/texmf-dist/tex/latex/csquotes/csquotes.def
File: csquotes.def 2019-12-06 v5.2j csquotes generic definitions (JAW)
)
Package csquotes Info: Trying to load configuration file 'csquotes.cfg'...
Package csquotes Info: ... configuration file loaded successfully.

(/usr/share/texlive/texmf-dist/tex/latex/csquotes/csquotes.cfg
File: csquotes.cfg 
))
(/usr/share/texlive/texmf-dist/tex/latex/bookmark/bookmark.sty
Package: bookmark 2019/12/03 v1.28 PDF bookmarks (HO)

(/usr/share/texlive/texmf-dist/tex/latex/hyperref/hyperref.sty
Package: hyperref 2020/01/14 v7.00d Hypertext links for LaTeX

(/usr/share/texlive/texmf-dist/tex/generic/kvdefinekeys/kvdefinekeys.sty
Package: kvdefinekeys 2019-12-19 v1.6 Define keys (HO)
)
(/usr/share/texlive/texmf-dist/tex/generic/pdfescape/pdfescape.sty
Package: pdfescape 2019/12/09 v1.15 Implements pdfTeX's escape features (HO)
)
(/usr/share/texlive/texmf-dist/tex/latex/hycolor/hycolor.sty
Package: hycolor 2020-01-27 v1.10 Color options for hyperref/bookmark (HO)
)
(/usr/share/texlive/texmf-dist/tex/latex/letltxmacro/letltxmacro.sty
Package: letltxmacro 2019/12/03 v1.6 Let assignment for LaTeX macros (HO)
)
(/usr/share/texlive/texmf-dist/tex/latex/auxhook/auxhook.sty
Package: auxhook 2019-12-17 v1.6 Hooks for auxiliary files (HO)
)
\@linkdim=\dimen144
\Hy@linkcounter=\count379
\Hy@pagecounter=\count380

(/usr/share/texlive/texmf-dist/tex/latex/hyperref/pd1enc.def
File: pd1enc.def 2020/01/14 v7.00d Hyperref: PDFDocEncoding definition (HO)
Now handling font encoding PD1 ...
... no UTF-8 mapping file for font encoding PD1
)
(/usr/share/texlive/texmf-dist/tex/generic/intcalc/intcalc.sty
Package: intcalc 2019/12/15 v1.3 Expandable calculations with integers (HO)
)
(/usr/share/texlive/texmf-dist/tex/generic/etexcmds/etexcmds.sty
Package: etexcmds 2019/12/15 v1.7 Avoid name clashes with e-TeX commands (HO)
)
\Hy@SavedSpaceFactor=\count381
\pdfmajorversion=\count382
Package hyperref Info: Hyper figures OFF on input line 4547.
Package hyperref Info: Link nesting OFF on input line 4552.
Package hyperref Info: Hyper index ON on input line 4555.
Package hyperref Info: Plain pages OFF on input line 4562.
Package hyperref Info: Backreferencing OFF on input line 4567.
Package hyperref Info: Implicit mode ON; LaTeX internals redefined.
Package hyperref Info: Bookmarks ON on input line 4800.
\c@Hy@tempcnt=\count383
LaTeX Info: Redefining \url on input line 5159.
\XeTeXLinkMargin=\dimen145

(/usr/share/texlive/texmf-dist/tex/generic/bitset/bitset.sty
Package: bitset 2019/12/09 v1.3 Handle bit-vector datatype (HO)

(/usr/share/texlive/texmf-dist/tex/generic/bigintcalc/bigintcalc.sty
Package: bigintcalc 2019/12/15 v1.5 Expandable calculations on big integers (HO
)
))
\Fld@menulength=\count384
\Field@Width=\dimen146
\Fld@charsize=\dimen147
Package hyperref Info: Hyper figures OFF on input line 6430.
Package hyperref Info: Link nesting OFF on input line 6435.
Package hyperref Info: Hyper index ON on input line 6438.
Package hyperref Info: backreferencing OFF on input line 6445.
Package hyperref Info: Link coloring OFF on input line 6450.
Package hyperref Info: Link coloring with OCG OFF on input line 6455.
Package hyperref Info: PDF/A mode OFF on input line 6460.
LaTeX Info: Redefining \ref on input line 6500.
LaTeX Info: Redefining \pageref on input line 6504.

(/usr/share/texlive/texmf-dist/tex/generic/atbegshi/atbegshi.sty
Package: atbegshi 2019/12/05 v1.19 At begin shipout hook (HO)
)
\Hy@abspage=\count385
\c@Item=\count386
\c@Hfootnote=\count387
)
Package hyperref Info: Driver (autodetected): hpdftex.

(/usr/share/texlive/texmf-dist/tex/latex/hyperref/hpdftex.def
File: hpdftex.def 2020/01/14 v7.00d Hyperref driver for pdfTeX

(/usr/share/texlive/texmf-dist/tex/latex/atveryend/atveryend.sty
Package: atveryend 2019-12-11 v1.11 Hooks at the very end of document (HO)
)
\Fld@listcount=\count388
\c@bookmark@seq@number=\count389

(/usr/share/texlive/texmf-dist/tex/latex/rerunfilecheck/rerunfilecheck.sty
Package: rerunfilecheck 2019/12/05 v1.9 Rerun checks for auxiliary files (HO)

(/usr/share/texlive/texmf-dist/tex/generic/uniquecounter/uniquecounter.sty
Package: uniquecounter 2019/12/15 v1.4 Provide unlimited unique counter (HO)
)
Package uniquecounter Info: New unique counter `rerunfilecheck' on input line 2
86.
)
\Hy@SectionHShift=\skip71
)
(/usr/share/texlive/texmf-dist/tex/latex/bookmark/bkm-pdftex.def
File: bkm-pdftex.def 2019/12/03 v1.28 bookmark driver for pdfTeX (HO)
\BKM@id=\count390
))
(/usr/share/texlive/texmf-dist/tex/latex/amsmath/amsmath.sty
Package: amsmath 2020/01/20 v2.17e AMS math features
\@mathmargin=\skip72

For additional information on amsmath, use the `?' option.
(/usr/share/texlive/texmf-dist/tex/latex/amsmath/amstext.sty
Package: amstext 2000/06/29 v2.01 AMS text

(/usr/share/texlive/texmf-dist/tex/latex/amsmath/amsgen.sty
File: amsgen.sty 1999/11/30 v2.0 generic functions
\@emptytoks=\toks20
\ex@=\dimen148
))
(/usr/share/texlive/texmf-dist/tex/latex/amsmath/amsbsy.sty
Package: amsbsy 1999/11/29 v1.2d Bold Symbols
\pmbraise@=\dimen149
)
(/usr/share/texlive/texmf-dist/tex/latex/amsmath/amsopn.sty
Package: amsopn 2016/03/08 v2.02 operator names
)
\inf@bad=\count391
LaTeX Info: Redefining \frac on input line 227.
\uproot@=\count392
\leftroot@=\count393
LaTeX Info: Redefining \overline on input line 389.
\classnum@=\count394
\DOTSCASE@=\count395
LaTeX Info: Redefining \ldots on input line 486.
LaTeX Info: Redefining \dots on input line 489.
LaTeX Info: Redefining \cdots on input line 610.
\Mathstrutbox@=\box45
\strutbox@=\box46
\big@size=\dimen150
LaTeX Font Info:    Redeclaring font encoding OML on input line 733.
LaTeX Font Info:    Redeclaring font encoding OMS on input line 734.
\macc@depth=\count396
\c@MaxMatrixCols=\count397
\dotsspace@=\muskip21
\c@parentequation=\count398
\dspbrk@lvl=\count399
\tag@help=\toks21
\row@=\count400
\column@=\count401
\maxfields@=\count402
\andhelp@=\toks22
\eqnshift@=\dimen151
\alignsep@=\dimen152
\tagshift@=\dimen153
\tagwidth@=\dimen154
\totwidth@=\dimen155
\lineht@=\dimen156
\@envbody=\toks23
\multlinegap=\skip73
\multlinetaggap=\skip74
\mathdisplay@stack=\toks24
LaTeX Info: Redefining \[ on input line 2859.
LaTeX Info: Redefining \] on input line 2860.
)
(/usr/share/texlive/texmf-dist/tex/latex/enumitem/enumitem.sty
Package: enumitem 2019/06/20 v3.9 Customized lists
\labelindent=\skip75
\enit@outerparindent=\dimen157
\enit@toks=\toks25
\enit@inbox=\box47
\enit@count@id=\count403
\enitdp@description=\count404
)
(/usr/share/texlive/texmf-dist/tex/latex/amsfonts/amssymb.sty
Package: amssymb 2013/01/14 v3.01 AMS font symbols

(/usr/share/texlive/texmf-dist/tex/latex/amsfonts/amsfonts.sty
Package: amsfonts 2013/01/14 v3.01 Basic AMSFonts support
\symAMSa=\mathgroup4
\symAMSb=\mathgroup5
LaTeX Font Info:    Redeclaring math symbol \hbar on input line 98.
LaTeX Font Info:    Overwriting math alphabet `\mathfrak' in version `bold'
(Font)                  U/euf/m/n --> U/euf/b/n on input line 106.
))
(/usr/share/texlive/texmf-dist/tex/latex/algorithmicx/algpseudocode.sty
Package: algpseudocode 

(/usr/share/texlive/texmf-dist/tex/latex/algorithmicx/algorithmicx.sty
Package: algorithmicx 2005/04/27 v1.2 Algorithmicx

Document Style algorithmicx 1.2 - a greatly improved `algorithmic' style
\c@ALG@line=\count405
\c@ALG@rem=\count406
\c@ALG@nested=\count407
\ALG@tlm=\skip76
\ALG@thistlm=\skip77
\c@ALG@Lnr=\count408
\c@ALG@blocknr=\count409
\c@ALG@storecount=\count410
\c@ALG@tmpcounter=\count411
\ALG@tmplength=\skip78
)
Document Style - pseudocode environments for use with the `algorithmicx' style
) (/usr/share/texlive/texmf-dist/tex/latex/algorithms/algorithm.sty
Package: algorithm 2009/08/24 v0.1 Document Style `algorithm' - floating enviro
nment

(/usr/share/texlive/texmf-dist/tex/latex/float/float.sty
Package: float 2001/11/08 v1.3d Float enhancements (AL)
\c@float@type=\count412
\float@exts=\toks26
\float@box=\box48
\@float@everytoks=\toks27
\@floatcapt=\box49
)
\@float@every@algorithm=\toks28
\c@algorithm=\count413
)
(/usr/share/texlive/texmf-dist/tex/latex/listings/listings.sty
\lst@mode=\count414
\lst@gtempboxa=\box50
\lst@token=\toks29
\lst@length=\count415
\lst@currlwidth=\dimen158
\lst@column=\count416
\lst@pos=\count417
\lst@lostspace=\dimen159
\lst@width=\dimen160
\lst@newlines=\count418
\lst@lineno=\count419
\lst@maxwidth=\dimen161

(/usr/share/texlive/texmf-dist/tex/latex/listings/lstmisc.sty
File: lstmisc.sty 2019/09/10 1.8c (Carsten Heinz)
\c@lstnumber=\count420
\lst@skipnumbers=\count421
\lst@framebox=\box51
)
(/usr/share/texlive/texmf-dist/tex/latex/listings/listings.cfg
File: listings.cfg 2019/09/10 1.8c listings configuration
))
Package: listings 2019/09/10 1.8c (Carsten Heinz)

(/usr/share/texlive/texmf-dist/tex/latex/xcolor/xcolor.sty
Package: xcolor 2016/05/11 v2.12 LaTeX color extensions (UK)

(/usr/share/texlive/texmf-dist/tex/latex/graphics-cfg/color.cfg
File: color.cfg 2016/01/02 v1.6 sample color configuration
)
Package xcolor Info: Driver file: pdftex.def on input line 225.

(/usr/share/texlive/texmf-dist/tex/latex/graphics-def/pdftex.def
File: pdftex.def 2018/01/08 v1.0l Graphics/color driver for pdftex
)
(/usr/share/texlive/texmf-dist/tex/latex/colortbl/colortbl.sty
Package: colortbl 2020/01/04 v1.0e Color table columns (DPC)

(/usr/share/texlive/texmf-dist/tex/latex/tools/array.sty
Package: array 2019/08/31 v2.4l Tabular extension package (FMi)
\col@sep=\dimen162
\ar@mcellbox=\box52
\extrarowheight=\dimen163
\NC@list=\toks30
\extratabsurround=\skip79
\backup@length=\skip80
\ar@cellbox=\box53
)
\everycr=\toks31
\minrowclearance=\skip81
)
\rownum=\count422
Package xcolor Info: Model `cmy' substituted by `cmy0' on input line 1348.
Package xcolor Info: Model `hsb' substituted by `rgb' on input line 1352.
Package xcolor Info: Model `RGB' extended on input line 1364.
Package xcolor Info: Model `HTML' substituted by `rgb' on input line 1366.
Package xcolor Info: Model `Hsb' substituted by `hsb' on input line 1367.
Package xcolor Info: Model `tHsb' substituted by `hsb' on input line 1368.
Package xcolor Info: Model `HSB' substituted by `hsb' on input line 1369.
Package xcolor Info: Model `Gray' substituted by `gray' on input line 1370.
Package xcolor Info: Model `wave' substituted by `hsb' on input line 1371.
) (./qcircuit.sty
Package: qcircuit 2018/08/14

(/usr/share/texlive/texmf-dist/tex/generic/xypic/xy.sty
(/usr/share/texlive/texmf-dist/tex/generic/xypic/xy.tex Bootstrap'ing:
catcodes, docmode, (/usr/share/texlive/texmf-dist/tex/generic/xypic/xyrecat.tex
) (/usr/share/texlive/texmf-dist/tex/generic/xypic/xyidioms.tex)

 Xy-pic version 3.8.9 <2013/10/06>
 Copyright (c) 1991-2013 by Kristoffer H. Rose <krisrose@tug.org> and others
 Xy-pic is free software: see the User's Guide for details.

Loading kernel: messages; fonts; allocations: state,
\X@c=\dimen164
\Y@c=\dimen165
\U@c=\dimen166
\D@c=\dimen167
\L@c=\dimen168
\R@c=\dimen169
\Edge@c=\toks32
\X@p=\dimen170
\Y@p=\dimen171
\U@p=\dimen172
\D@p=\dimen173
\L@p=\dimen174
\R@p=\dimen175
\Edge@p=\toks33
\X@origin=\dimen176
\Y@origin=\dimen177
\X@xbase=\dimen178
\Y@xbase=\dimen179
\X@ybase=\dimen180
\Y@ybase=\dimen181
\X@min=\dimen182
\Y@min=\dimen183
\X@max=\dimen184
\Y@max=\dimen185
\lastobjectbox@=\box54
\zerodotbox@=\box55
\almostz@=\dimen186
 direction,
\d@X=\dimen187
\d@Y=\dimen188
\K@=\count423
\KK@=\count424
\Direction=\count425
\K@dXdY=\dimen189
\K@dYdX=\dimen190
\xyread@=\read4
\xywrite@=\write4
\csp@=\count426
\quotPTK@=\dimen191

utility macros; pictures: \xy, positions,
\swaptoks@@=\toks34
\connectobjectbox@@=\box56
 objects,
\styletoks@=\toks35
 decorations;
kernel objects: directionals, circles, text; options; algorithms: directions,
edges, connections;  Xy-pic loaded)
(/usr/share/texlive/texmf-dist/tex/generic/iftex/ifpdf.sty
Package: ifpdf 2019/10/25 v3.4 ifpdf legacy package. Use iftex instead.
)
Package: xy 2013/10/06 Xy-pic version 3.8.9

(/usr/share/texlive/texmf-dist/tex/generic/xypic/xypdf.tex
 Xy-pic option: PDF driver v.1.7 loaded))
(/usr/share/texlive/texmf-dist/tex/generic/xypic/xymatrix.tex
 Xy-pic option: Matrix feature v.3.14
\Row=\count427
\Col=\count428
\queue@=\toks36
\queue@@=\toks37
\qcount@=\count429
\qcount@@=\count430
\matrixsize@=\count431
 loaded)
(/usr/share/texlive/texmf-dist/tex/generic/xypic/xyframe.tex
 Xy-pic option: Frame and Bracket extension v.3.14 loaded)
Xy-pic pdf driver: `frame' extension support
(/usr/share/texlive/texmf-dist/tex/generic/xypic/xypdf-fr.tex
(/usr/share/texlive/texmf-dist/tex/generic/xypic/xycurve.tex
 Xy-pic option: Curve and Spline extension v.3.12 curve,
\crv@cnt@=\count432
\crvpts@=\toks38
\splinebox@=\box57
\splineval@=\dimen192
\splinedepth@=\dimen193
\splinetol@=\dimen194
\splinelength@=\dimen195
 circles,
\L@=\dimen196
 loaded)
Xy-pic pdf driver: `curve' extension support
(/usr/share/texlive/texmf-dist/tex/generic/xypic/xypdf-cu.tex loaded) loaded)
(/usr/share/texlive/texmf-dist/tex/generic/xypic/xyarrow.tex
 Xy-pic option: Arrow and Path feature v.3.9 path, \ar, loaded)
(/usr/share/texlive/texmf-dist/tex/generic/xypic/xyarc.tex
 Xy-pic option: Circle, Ellipse, Arc feature v.3.8 circles, ellipses,
elliptical arcs, loaded))
(/usr/share/texlive/texmf-dist/tex/latex/graphics/graphicx.sty
Package: graphicx 2019/11/30 v1.2a Enhanced LaTeX Graphics (DPC,SPQR)

(/usr/share/texlive/texmf-dist/tex/latex/graphics/graphics.sty
Package: graphics 2019/11/30 v1.4a Standard LaTeX Graphics (DPC,SPQR)

(/usr/share/texlive/texmf-dist/tex/latex/graphics/trig.sty
Package: trig 2016/01/03 v1.10 sin cos tan (DPC)
)
(/usr/share/texlive/texmf-dist/tex/latex/graphics-cfg/graphics.cfg
File: graphics.cfg 2016/06/04 v1.11 sample graphics configuration
)
Package graphics Info: Driver file: pdftex.def on input line 105.
)
\Gin@req@height=\dimen197
\Gin@req@width=\dimen198
)
(/usr/share/texlive/texmf-dist/tex/latex/amscls/amsthm.sty
Package: amsthm 2017/10/31 v2.20.4
\thm@style=\toks39
\thm@bodyfont=\toks40
\thm@headfont=\toks41
\thm@notefont=\toks42
\thm@headpunct=\toks43
\thm@preskip=\skip82
\thm@postskip=\skip83
\thm@headsep=\skip84
\dth@everypar=\toks44
)
(/usr/share/texlive/texmf-dist/tex/latex/pgf/frontendlayer/tikz.sty
(/usr/share/texlive/texmf-dist/tex/latex/pgf/basiclayer/pgf.sty
(/usr/share/texlive/texmf-dist/tex/latex/pgf/utilities/pgfrcs.sty
(/usr/share/texlive/texmf-dist/tex/generic/pgf/utilities/pgfutil-common.tex
\pgfutil@everybye=\toks45
\pgfutil@tempdima=\dimen199
\pgfutil@tempdimb=\dimen256

(/usr/share/texlive/texmf-dist/tex/generic/pgf/utilities/pgfutil-common-lists.t
ex)) (/usr/share/texlive/texmf-dist/tex/generic/pgf/utilities/pgfutil-latex.def
\pgfutil@abb=\box58
(/usr/share/texlive/texmf-dist/tex/latex/ms/everyshi.sty
Package: everyshi 2001/05/15 v3.00 EveryShipout Package (MS)
))
(/usr/share/texlive/texmf-dist/tex/generic/pgf/utilities/pgfrcs.code.tex
(/usr/share/texlive/texmf-dist/tex/generic/pgf/pgf.revision.tex)
Package: pgfrcs 2020/01/08 v3.1.5b (3.1.5b)
))
Package: pgf 2020/01/08 v3.1.5b (3.1.5b)

(/usr/share/texlive/texmf-dist/tex/latex/pgf/basiclayer/pgfcore.sty
(/usr/share/texlive/texmf-dist/tex/latex/pgf/systemlayer/pgfsys.sty
(/usr/share/texlive/texmf-dist/tex/generic/pgf/systemlayer/pgfsys.code.tex
Package: pgfsys 2020/01/08 v3.1.5b (3.1.5b)

(/usr/share/texlive/texmf-dist/tex/generic/pgf/utilities/pgfkeys.code.tex
\pgfkeys@pathtoks=\toks46
\pgfkeys@temptoks=\toks47

(/usr/share/texlive/texmf-dist/tex/generic/pgf/utilities/pgfkeysfiltered.code.t
ex
\pgfkeys@tmptoks=\toks48
))
\pgf@x=\dimen257
\pgf@y=\dimen258
\pgf@xa=\dimen259
\pgf@ya=\dimen260
\pgf@xb=\dimen261
\pgf@yb=\dimen262
\pgf@xc=\dimen263
\pgf@yc=\dimen264
\pgf@xd=\dimen265
\pgf@yd=\dimen266
\w@pgf@writea=\write5
\r@pgf@reada=\read5
\c@pgf@counta=\count433
\c@pgf@countb=\count434
\c@pgf@countc=\count435
\c@pgf@countd=\count436
\t@pgf@toka=\toks49
\t@pgf@tokb=\toks50
\t@pgf@tokc=\toks51
\pgf@sys@id@count=\count437
 (/usr/share/texlive/texmf-dist/tex/generic/pgf/systemlayer/pgf.cfg
File: pgf.cfg 2020/01/08 v3.1.5b (3.1.5b)
)
Driver file for pgf: pgfsys-pdftex.def

(/usr/share/texlive/texmf-dist/tex/generic/pgf/systemlayer/pgfsys-pdftex.def
File: pgfsys-pdftex.def 2020/01/08 v3.1.5b (3.1.5b)

(/usr/share/texlive/texmf-dist/tex/generic/pgf/systemlayer/pgfsys-common-pdf.de
f
File: pgfsys-common-pdf.def 2020/01/08 v3.1.5b (3.1.5b)
)))
(/usr/share/texlive/texmf-dist/tex/generic/pgf/systemlayer/pgfsyssoftpath.code.
tex
File: pgfsyssoftpath.code.tex 2020/01/08 v3.1.5b (3.1.5b)
\pgfsyssoftpath@smallbuffer@items=\count438
\pgfsyssoftpath@bigbuffer@items=\count439
)
(/usr/share/texlive/texmf-dist/tex/generic/pgf/systemlayer/pgfsysprotocol.code.
tex
File: pgfsysprotocol.code.tex 2020/01/08 v3.1.5b (3.1.5b)
))
(/usr/share/texlive/texmf-dist/tex/generic/pgf/basiclayer/pgfcore.code.tex
Package: pgfcore 2020/01/08 v3.1.5b (3.1.5b)

(/usr/share/texlive/texmf-dist/tex/generic/pgf/math/pgfmath.code.tex
(/usr/share/texlive/texmf-dist/tex/generic/pgf/math/pgfmathcalc.code.tex
(/usr/share/texlive/texmf-dist/tex/generic/pgf/math/pgfmathutil.code.tex)
(/usr/share/texlive/texmf-dist/tex/generic/pgf/math/pgfmathparser.code.tex
\pgfmath@dimen=\dimen267
\pgfmath@count=\count440
\pgfmath@box=\box59
\pgfmath@toks=\toks52
\pgfmath@stack@operand=\toks53
\pgfmath@stack@operation=\toks54
)
(/usr/share/texlive/texmf-dist/tex/generic/pgf/math/pgfmathfunctions.code.tex
(/usr/share/texlive/texmf-dist/tex/generic/pgf/math/pgfmathfunctions.basic.code
.tex)
(/usr/share/texlive/texmf-dist/tex/generic/pgf/math/pgfmathfunctions.trigonomet
ric.code.tex)
(/usr/share/texlive/texmf-dist/tex/generic/pgf/math/pgfmathfunctions.random.cod
e.tex)
(/usr/share/texlive/texmf-dist/tex/generic/pgf/math/pgfmathfunctions.comparison
.code.tex)
(/usr/share/texlive/texmf-dist/tex/generic/pgf/math/pgfmathfunctions.base.code.
tex)
(/usr/share/texlive/texmf-dist/tex/generic/pgf/math/pgfmathfunctions.round.code
.tex)
(/usr/share/texlive/texmf-dist/tex/generic/pgf/math/pgfmathfunctions.misc.code.
tex)
(/usr/share/texlive/texmf-dist/tex/generic/pgf/math/pgfmathfunctions.integerari
thmetics.code.tex)))
(/usr/share/texlive/texmf-dist/tex/generic/pgf/math/pgfmathfloat.code.tex
\c@pgfmathroundto@lastzeros=\count441
))
(/usr/share/texlive/texmf-dist/tex/generic/pgf/math/pgfint.code.tex)
(/usr/share/texlive/texmf-dist/tex/generic/pgf/basiclayer/pgfcorepoints.code.te
x
File: pgfcorepoints.code.tex 2020/01/08 v3.1.5b (3.1.5b)
\pgf@picminx=\dimen268
\pgf@picmaxx=\dimen269
\pgf@picminy=\dimen270
\pgf@picmaxy=\dimen271
\pgf@pathminx=\dimen272
\pgf@pathmaxx=\dimen273
\pgf@pathminy=\dimen274
\pgf@pathmaxy=\dimen275
\pgf@xx=\dimen276
\pgf@xy=\dimen277
\pgf@yx=\dimen278
\pgf@yy=\dimen279
\pgf@zx=\dimen280
\pgf@zy=\dimen281
)
(/usr/share/texlive/texmf-dist/tex/generic/pgf/basiclayer/pgfcorepathconstruct.
code.tex
File: pgfcorepathconstruct.code.tex 2020/01/08 v3.1.5b (3.1.5b)
\pgf@path@lastx=\dimen282
\pgf@path@lasty=\dimen283
)
(/usr/share/texlive/texmf-dist/tex/generic/pgf/basiclayer/pgfcorepathusage.code
.tex
File: pgfcorepathusage.code.tex 2020/01/08 v3.1.5b (3.1.5b)
\pgf@shorten@end@additional=\dimen284
\pgf@shorten@start@additional=\dimen285
)
(/usr/share/texlive/texmf-dist/tex/generic/pgf/basiclayer/pgfcorescopes.code.te
x
File: pgfcorescopes.code.tex 2020/01/08 v3.1.5b (3.1.5b)
\pgfpic=\box60
\pgf@hbox=\box61
\pgf@layerbox@main=\box62
\pgf@picture@serial@count=\count442
)
(/usr/share/texlive/texmf-dist/tex/generic/pgf/basiclayer/pgfcoregraphicstate.c
ode.tex
File: pgfcoregraphicstate.code.tex 2020/01/08 v3.1.5b (3.1.5b)
\pgflinewidth=\dimen286
)
(/usr/share/texlive/texmf-dist/tex/generic/pgf/basiclayer/pgfcoretransformation
s.code.tex
File: pgfcoretransformations.code.tex 2020/01/08 v3.1.5b (3.1.5b)
\pgf@pt@x=\dimen287
\pgf@pt@y=\dimen288
\pgf@pt@temp=\dimen289
)
(/usr/share/texlive/texmf-dist/tex/generic/pgf/basiclayer/pgfcorequick.code.tex
File: pgfcorequick.code.tex 2020/01/08 v3.1.5b (3.1.5b)
)
(/usr/share/texlive/texmf-dist/tex/generic/pgf/basiclayer/pgfcoreobjects.code.t
ex
File: pgfcoreobjects.code.tex 2020/01/08 v3.1.5b (3.1.5b)
)
(/usr/share/texlive/texmf-dist/tex/generic/pgf/basiclayer/pgfcorepathprocessing
.code.tex
File: pgfcorepathprocessing.code.tex 2020/01/08 v3.1.5b (3.1.5b)
)
(/usr/share/texlive/texmf-dist/tex/generic/pgf/basiclayer/pgfcorearrows.code.te
x
File: pgfcorearrows.code.tex 2020/01/08 v3.1.5b (3.1.5b)
\pgfarrowsep=\dimen290
)
(/usr/share/texlive/texmf-dist/tex/generic/pgf/basiclayer/pgfcoreshade.code.tex
File: pgfcoreshade.code.tex 2020/01/08 v3.1.5b (3.1.5b)
\pgf@max=\dimen291
\pgf@sys@shading@range@num=\count443
\pgf@shadingcount=\count444
)
(/usr/share/texlive/texmf-dist/tex/generic/pgf/basiclayer/pgfcoreimage.code.tex
File: pgfcoreimage.code.tex 2020/01/08 v3.1.5b (3.1.5b)

(/usr/share/texlive/texmf-dist/tex/generic/pgf/basiclayer/pgfcoreexternal.code.
tex
File: pgfcoreexternal.code.tex 2020/01/08 v3.1.5b (3.1.5b)
\pgfexternal@startupbox=\box63
))
(/usr/share/texlive/texmf-dist/tex/generic/pgf/basiclayer/pgfcorelayers.code.te
x
File: pgfcorelayers.code.tex 2020/01/08 v3.1.5b (3.1.5b)
)
(/usr/share/texlive/texmf-dist/tex/generic/pgf/basiclayer/pgfcoretransparency.c
ode.tex
File: pgfcoretransparency.code.tex 2020/01/08 v3.1.5b (3.1.5b)
)
(/usr/share/texlive/texmf-dist/tex/generic/pgf/basiclayer/pgfcorepatterns.code.
tex
File: pgfcorepatterns.code.tex 2020/01/08 v3.1.5b (3.1.5b)
)
(/usr/share/texlive/texmf-dist/tex/generic/pgf/basiclayer/pgfcorerdf.code.tex
File: pgfcorerdf.code.tex 2020/01/08 v3.1.5b (3.1.5b)
)))
(/usr/share/texlive/texmf-dist/tex/generic/pgf/modules/pgfmoduleshapes.code.tex
File: pgfmoduleshapes.code.tex 2020/01/08 v3.1.5b (3.1.5b)
\pgfnodeparttextbox=\box64
) (/usr/share/texlive/texmf-dist/tex/generic/pgf/modules/pgfmoduleplot.code.tex
File: pgfmoduleplot.code.tex 2020/01/08 v3.1.5b (3.1.5b)
)
(/usr/share/texlive/texmf-dist/tex/latex/pgf/compatibility/pgfcomp-version-0-65
.sty
Package: pgfcomp-version-0-65 2020/01/08 v3.1.5b (3.1.5b)
\pgf@nodesepstart=\dimen292
\pgf@nodesepend=\dimen293
)
(/usr/share/texlive/texmf-dist/tex/latex/pgf/compatibility/pgfcomp-version-1-18
.sty
Package: pgfcomp-version-1-18 2020/01/08 v3.1.5b (3.1.5b)
)) (/usr/share/texlive/texmf-dist/tex/latex/pgf/utilities/pgffor.sty
(/usr/share/texlive/texmf-dist/tex/latex/pgf/utilities/pgfkeys.sty
(/usr/share/texlive/texmf-dist/tex/generic/pgf/utilities/pgfkeys.code.tex))
(/usr/share/texlive/texmf-dist/tex/latex/pgf/math/pgfmath.sty
(/usr/share/texlive/texmf-dist/tex/generic/pgf/math/pgfmath.code.tex))
(/usr/share/texlive/texmf-dist/tex/generic/pgf/utilities/pgffor.code.tex
Package: pgffor 2020/01/08 v3.1.5b (3.1.5b)

(/usr/share/texlive/texmf-dist/tex/generic/pgf/math/pgfmath.code.tex)
\pgffor@iter=\dimen294
\pgffor@skip=\dimen295
\pgffor@stack=\toks55
\pgffor@toks=\toks56
))
(/usr/share/texlive/texmf-dist/tex/generic/pgf/frontendlayer/tikz/tikz.code.tex
Package: tikz 2020/01/08 v3.1.5b (3.1.5b)

(/usr/share/texlive/texmf-dist/tex/generic/pgf/libraries/pgflibraryplothandlers
.code.tex
File: pgflibraryplothandlers.code.tex 2020/01/08 v3.1.5b (3.1.5b)
\pgf@plot@mark@count=\count445
\pgfplotmarksize=\dimen296
)
\tikz@lastx=\dimen297
\tikz@lasty=\dimen298
\tikz@lastxsaved=\dimen299
\tikz@lastysaved=\dimen300
\tikz@lastmovetox=\dimen301
\tikz@lastmovetoy=\dimen302
\tikzleveldistance=\dimen303
\tikzsiblingdistance=\dimen304
\tikz@figbox=\box65
\tikz@figbox@bg=\box66
\tikz@tempbox=\box67
\tikz@tempbox@bg=\box68
\tikztreelevel=\count446
\tikznumberofchildren=\count447
\tikznumberofcurrentchild=\count448
\tikz@fig@count=\count449

(/usr/share/texlive/texmf-dist/tex/generic/pgf/modules/pgfmodulematrix.code.tex
File: pgfmodulematrix.code.tex 2020/01/08 v3.1.5b (3.1.5b)
\pgfmatrixcurrentrow=\count450
\pgfmatrixcurrentcolumn=\count451
\pgf@matrix@numberofcolumns=\count452
)
\tikz@expandcount=\count453

(/usr/share/texlive/texmf-dist/tex/generic/pgf/frontendlayer/tikz/libraries/tik
zlibrarytopaths.code.tex
File: tikzlibrarytopaths.code.tex 2020/01/08 v3.1.5b (3.1.5b)
)))
\c@thm=\count454
)
%% goal height=1000.0, max depth=5.5
% t=0.0 g=1000.0 b=10000 p=0 c=100000#
% t=11.0 g=1000.0 b=10000 p=-10001 c=-10001#
%% goal height=1000.0, max depth=5.5
% t=0.0 g=1000.0 b=10000 p=0 c=100000#
% t=11.0 g=1000.0 b=10000 p=-10001 c=-10001#
Package csquotes Info: Checking for multilingual support...
Package csquotes Info: ... found 'babel' package.
Package csquotes Info: Adjusting default style.
Package csquotes Info: Redefining alias 'default' -> 'spanish'.

(/usr/share/texlive/texmf-dist/tex/latex/l3backend/l3backend-pdfmode.def
File: l3backend-pdfmode.def 2020-02-03 L3 backend support: PDF mode
\l__kernel_color_stack_int=\count455
\l__pdf_internal_box=\box69
)
(./TFG.aux
LaTeX Info: Redefining \. on input line 32.
LaTeX Info: Redefining \% on input line 32.
LaTeX Info: Redefining \. on input line 34.
LaTeX Info: Redefining \% on input line 34.


LaTeX Warning: Label `fig:gant' multiply defined.

)
\openout1 = `TFG.aux'.

LaTeX Font Info:    Checking defaults for OML/cmm/m/it on input line 19.
LaTeX Font Info:    ... okay on input line 19.
LaTeX Font Info:    Checking defaults for OMS/cmsy/m/n on input line 19.
LaTeX Font Info:    ... okay on input line 19.
LaTeX Font Info:    Checking defaults for OT1/cmr/m/n on input line 19.
LaTeX Font Info:    ... okay on input line 19.
LaTeX Font Info:    Checking defaults for T1/cmr/m/n on input line 19.
LaTeX Font Info:    ... okay on input line 19.
LaTeX Font Info:    Checking defaults for TS1/cmr/m/n on input line 19.
LaTeX Font Info:    ... okay on input line 19.
LaTeX Font Info:    Checking defaults for OMX/cmex/m/n on input line 19.
LaTeX Font Info:    ... okay on input line 19.
LaTeX Font Info:    Checking defaults for U/cmr/m/n on input line 19.
LaTeX Font Info:    ... okay on input line 19.
LaTeX Font Info:    Checking defaults for PD1/pdf/m/n on input line 19.
LaTeX Font Info:    ... okay on input line 19.

*geometry* driver: auto-detecting
*geometry* detected driver: pdftex
*geometry* verbose mode - [ preamble ] result:
* driver: pdftex
* paper: a4paper
* layout: <same size as paper>
* layoutoffset:(h,v)=(0.0pt,0.0pt)
* modes: twoside 
* h-part:(L,W,R)=(65.55515pt, 433.62pt, 98.33273pt)
* v-part:(T,H,B)=(106.75473pt, 578.15999pt, 160.13213pt)
* \paperwidth=597.50787pt
* \paperheight=845.04684pt
* \textwidth=433.62pt
* \textheight=578.15999pt
* \oddsidemargin=-6.71484pt
* \evensidemargin=26.06274pt
* \topmargin=2.61095pt
* \headheight=12.0pt
* \headsep=19.8738pt
* \topskip=11.0pt
* \footskip=27.46295pt
* \marginparwidth=116.0pt
* \marginparsep=7.0pt
* \columnsep=10.0pt
* \skip\footins=10.0pt plus 4.0pt minus 2.0pt
* \hoffset=0.0pt
* \voffset=0.0pt
* \mag=1000
* \@twocolumnfalse
* \@twosidetrue
* \@mparswitchtrue
* \@reversemarginfalse
* (1in=72.27pt=25.4mm, 1cm=28.453pt)

LaTeX Info: Redefining \. on input line 19.
LaTeX Info: Redefining \% on input line 19.
Package biblatex Info: Trying to load language 'spanish'...
Package biblatex Info: ... file 'spanish.lbx' found.
(/usr/share/texlive/texmf-dist/tex/latex/biblatex/lbx/spanish.lbx
File: spanish.lbx 2019/12/01 v3.14 biblatex localization (PK/MW)
)
Package biblatex Info: Trying to load language 'british'...
Package biblatex Info: ... file 'british.lbx' found.

(/usr/share/texlive/texmf-dist/tex/latex/biblatex/lbx/british.lbx
File: british.lbx 2019/12/01 v3.14 biblatex localization (PK/MW)
Package biblatex Info: Trying to load language 'english'...
Package biblatex Info: ... file 'english.lbx' found.

(/usr/share/texlive/texmf-dist/tex/latex/biblatex/lbx/english.lbx
File: english.lbx 2019/12/01 v3.14 biblatex localization (PK/MW)
))
Package biblatex Info: Input encoding 'utf8' detected.
Package biblatex Info: Automatic encoding selection.
(biblatex)             Assuming data encoding 'utf8'.
Package biblatex Info: Input encoding 'utf8' specified.
Package biblatex Info: Data encoding 'utf8' specified.
(biblatex)             No need to reencode data.
\openout3 = `TFG-blx.bib'.

Package biblatex Info: Trying to load bibliographic data...
Package biblatex Info: ... file 'TFG.bbl' not found.

No file TFG.bbl.
Package biblatex Info: Reference section=0 on input line 19.
Package biblatex Info: Reference segment=0 on input line 19.
\AtBeginShipoutBox=\box70
Package hyperref Info: Link coloring OFF on input line 19.
(/usr/share/texlive/texmf-dist/tex/latex/hyperref/nameref.sty
Package: nameref 2019/09/16 v2.46 Cross-referencing by name of section

(/usr/share/texlive/texmf-dist/tex/latex/refcount/refcount.sty
Package: refcount 2019/12/15 v3.6 Data extraction from label references (HO)
)
(/usr/share/texlive/texmf-dist/tex/generic/gettitlestring/gettitlestring.sty
Package: gettitlestring 2019/12/15 v1.6 Cleanup title references (HO)
)
\c@section@level=\count456
)
LaTeX Info: Redefining \ref on input line 19.
LaTeX Info: Redefining \pageref on input line 19.
LaTeX Info: Redefining \nameref on input line 19.
\c@lstlisting=\count457

(/usr/share/texlive/texmf-dist/tex/context/base/mkii/supp-pdf.mkii
[Loading MPS to PDF converter (version 2006.09.02).]
\scratchcounter=\count458
\scratchdimen=\dimen305
\scratchbox=\box71
\nofMPsegments=\count459
\nofMParguments=\count460
\everyMPshowfont=\toks57
\MPscratchCnt=\count461
\MPscratchDim=\dimen306
\MPnumerator=\count462
\makeMPintoPDFobject=\count463
\everyMPtoPDFconversion=\toks58
) (/usr/share/texlive/texmf-dist/tex/latex/epstopdf-pkg/epstopdf-base.sty
Package: epstopdf-base 2020-01-24 v2.11 Base part for package epstopdf
Package epstopdf-base Info: Redefining graphics rule for `.eps' on input line 4
85.

(/usr/share/texlive/texmf-dist/tex/latex/latexconfig/epstopdf-sys.cfg
File: epstopdf-sys.cfg 2010/07/13 v1.3 Configuration of (r)epstopdf for TeX Liv
e
))
LaTeX Font Info:    Trying to load font information for U+msa on input line 19.


(/usr/share/texlive/texmf-dist/tex/latex/amsfonts/umsa.fd
File: umsa.fd 2013/01/14 v3.01 AMS symbols A
)
LaTeX Font Info:    Trying to load font information for U+msb on input line 19.


(/usr/share/texlive/texmf-dist/tex/latex/amsfonts/umsb.fd
File: umsb.fd 2013/01/14 v3.01 AMS symbols B
)
Package xypdf Info: Line width: 0.43799pt on input line 19.

ABD: EveryShipout initializing macros (./chapters/Portada.tex
%% goal height=578.15999, max depth=5.5
% t=0.0 g=578.15999 b=10000 p=0 c=100000#
% t=11.0 g=578.15999 b=10000 p=-10001 c=-10001#
%% goal height=578.15999, max depth=5.5
% t=0.0 g=578.15999 b=10000 p=0 c=100000#
% t=43.60014 plus 2.0 g=578.15999 b=10000 p=300 c=100000#
% t=58.56023 plus 2.0 g=578.15999 b=10000 p=0 c=100000#
% t=80.32031 plus 4.0 g=578.15999 b=10000 p=150 c=100000#
% t=95.2804 plus 4.0 g=578.15999 b=10000 p=150 c=100000#
% t=142.84062 plus 6.0 g=578.15999 b=10000 p=0 c=100000#
% t=165.02814 plus 6.0 g=578.15999 b=10000 p=0 c=100000#
<chapters/complu.jpg, id=7, 474.27188pt x 565.36218pt>
File: chapters/complu.jpg Graphic file (type jpg)
<use chapters/complu.jpg>
Package pdftex.def Info: chapters/complu.jpg  used on input line 22.
(pdftex.def)             Requested size: 221.93158pt x 264.55565pt.
% t=160.96495 plus 4.0 g=578.15999 b=10000 p=-10004 c=-10004#
%% goal height=16383.99998, max depth=5.5
% t=11.0 g=16383.99998 b=10000 p=-10003 c=-10003#
%% goal height=578.15999, max depth=5.5
% t=0.0 g=578.15999 b=10000 p=0 c=100000#
% t=43.60014 plus 2.0 g=578.15999 b=10000 p=300 c=100000#
% t=58.56023 plus 2.0 g=578.15999 b=10000 p=0 c=100000#
% t=80.32031 plus 4.0 g=578.15999 b=10000 p=150 c=100000#
% t=95.2804 plus 4.0 g=578.15999 b=10000 p=150 c=100000#
% t=142.84062 plus 6.0 g=578.15999 b=10000 p=0 c=100000#
% t=165.02814 plus 6.0 g=578.15999 b=10000 p=0 c=100000#
% t=167.76495 plus 6.0 g=578.15999 b=10000 p=0 c=100000#
% t=557.20126 plus 6.0 minus 2.0 g=578.15999 b=4254 p=0 c=4254#
% t=581.42453 plus 8.0 minus 4.0 g=578.15999 b=54 p=-51 c=3#
% t=581.42453 plus 8.0 plus 1.0fil minus 4.0 g=578.15999 b=54 p=-10000 c=-10000
#


Completed box being shipped out [1] []





{/var/lib/texmf/fonts/map/pdftex/updmap/pdftex.map} <./chapters/complu.jpg>
%% goal height=578.15999, max depth=5.5
% t=11.0 g=578.15999 b=10000 p=0 c=100000#
% t=11.0 plus 1.0fil g=578.15999 b=0 p=-10000 c=-10000#
pdfTeX warning (ext4): destination with the same identifier (name{page.1}) has 
been already used, duplicate ignored
<to be read again> 
                   \relax 
l.38 \blankpage
               

Completed box being shipped out [1] []

%% goal height=578.15999, max depth=5.5
% t=0.0 g=578.15999 b=10000 p=0 c=100000#
% t=11.0 g=578.15999 b=10000 p=-10001 c=-10001#
%% goal height=578.15999, max depth=5.5
% t=0.0 g=578.15999 b=10000 p=0 c=100000#
% t=122.76009 plus 2.0 g=578.15999 b=10000 p=0 c=100000#
% t=137.72017 plus 2.0 g=578.15999 b=10000 p=0 c=100000#
% t=152.68025 plus 2.0 g=578.15999 b=10000 p=-51 c=100000#
) (./chapters/Capitulo0.tex
% t=152.68025 plus 2.0 plus 1.0fil g=578.15999 b=0 p=-10000 c=-10000#


Completed box being shipped out [1] []


%% goal height=578.15999, max depth=5.5
% t=0.0 g=578.15999 b=10000 p=0 c=100000#
% t=11.0 g=578.15999 b=10000 p=-10001 c=-10001#
%% goal height=578.15999, max depth=5.5
% t=0.0 g=578.15999 b=10000 p=0 c=100000#
% t=11.0 g=578.15999 b=10000 p=0 c=100000#
% t=11.0 plus 1.0fil g=578.15999 b=0 p=-10000 c=-10000#


Completed box being shipped out [2] []


%% goal height=578.15999, max depth=5.5
% t=0.0 g=578.15999 b=10000 p=0 c=100000#
% t=153.40105 plus 2.94266 g=578.15999 b=10000 p=0 c=100000#
% t=175.16113 plus 4.94266 g=578.15999 b=10000 p=0 c=100000#
% t=175.16113 plus 4.94266 plus 1.0fil g=578.15999 b=0 p=-10000 c=-10000#


Completed box being shipped out [3] []

%% goal height=578.15999, max depth=5.5
LaTeX Info: Redefining \. on input line 12.
LaTeX Info: Redefining \% on input line 12.
% t=36.80093 plus 0.94266 g=578.15999 b=10000 p=0 c=100000#
) (./chapters/Preface.tex
% t=58.56102 plus 2.94266 g=578.15999 b=10000 p=0 c=100000#
% t=58.56102 plus 2.94266 plus 1.0fil g=578.15999 b=0 p=-10000 c=-10000#


Completed box being shipped out [4] []

%% goal height=578.15999, max depth=5.5
% t=0.0 g=578.15999 b=10000 p=0 c=100000#
% t=11.0 g=578.15999 b=10000 p=-10001 c=-10001#
%% goal height=578.15999, max depth=5.5
% t=0.0 g=578.15999 b=10000 p=0 c=100000#
)
% t=162.56027 plus 4.0 g=578.15999 b=10000 p=0 c=100000#
% t=162.56027 plus 4.0 plus 1.0fil g=578.15999 b=0 p=-10000 c=-10000#


Completed box being shipped out [5] []


%% goal height=578.15999, max depth=5.5
% t=0.0 g=578.15999 b=10000 p=0 c=100000#
% t=11.0 g=578.15999 b=10000 p=-10001 c=-10001#
%% goal height=578.15999, max depth=5.5
% t=0.0 g=578.15999 b=10000 p=0 c=100000#
% t=11.0 g=578.15999 b=10000 p=0 c=100000#
% t=11.0 plus 1.0fil g=578.15999 b=0 p=-10000 c=-10000#


Completed box being shipped out [6] []


%% goal height=578.15999, max depth=5.5
% t=0.0 g=578.15999 b=10000 p=0 c=100000#
 (./TFG.toc
LaTeX Info: Redefining \. on input line 2.
LaTeX Info: Redefining \% on input line 2.
LaTeX Info: Redefining \. on input line 4.
LaTeX Info: Redefining \% on input line 4.
% t=166.64815 plus 3.0 g=578.15999 b=10000 p=301 c=100000#
% t=181.60823 plus 3.2 g=578.15999 b=10000 p=0 c=100000#
% t=196.56831 plus 3.4 g=578.15999 b=10000 p=0 c=100000#
% t=211.5284 plus 3.59999 g=578.15999 b=10000 p=0 c=100000#
% t=226.48848 plus 3.79999 g=578.15999 b=10000 p=0 c=100000#
% t=241.44856 plus 3.99998 g=578.15999 b=10000 p=0 c=100000#
% t=256.40865 plus 4.19998 g=578.15999 b=10000 p=0 c=100000#
% t=271.36873 plus 4.39998 g=578.15999 b=10000 p=0 c=100000#
% t=286.32881 plus 4.59998 g=578.15999 b=10000 p=0 c=100000#
% t=301.2889 plus 4.79997 g=578.15999 b=10000 p=0 c=100000#
% t=316.24898 plus 4.99997 g=578.15999 b=10000 p=-301 c=100000#
% t=342.09694 plus 5.99997 g=578.15999 b=10000 p=301 c=100000#
% t=357.05702 plus 6.19997 g=578.15999 b=10000 p=0 c=100000#
% t=372.0171 plus 6.39996 g=578.15999 b=10000 p=0 c=100000#
% t=386.97719 plus 6.59996 g=578.15999 b=10000 p=0 c=100000#
% t=401.93727 plus 6.79996 g=578.15999 b=10000 p=0 c=100000#
% t=416.89735 plus 6.99995 g=578.15999 b=10000 p=0 c=100000#
% t=431.85744 plus 7.19995 g=578.15999 b=10000 p=0 c=100000#
% t=446.81752 plus 7.39995 g=578.15999 b=10000 p=0 c=100000#
% t=461.7776 plus 7.59995 g=578.15999 b=10000 p=0 c=100000#
% t=476.73769 plus 7.79994 g=578.15999 b=10000 p=-301 c=100000#
% t=502.58565 plus 8.79994 g=578.15999 b=10000 p=301 c=100000#
% t=517.54573 plus 8.99994 g=578.15999 b=10000 p=0 c=100000#
% t=532.50581 plus 9.19994 g=578.15999 b=10000 p=0 c=100000#
% t=547.4659 plus 9.39993 g=578.15999 b=3471 p=0 c=3471#
% t=562.42598 plus 9.59993 g=578.15999 b=438 p=-301 c=137#
% t=588.27394 plus 10.59993 g=578.15999 b=* p=301 c=*


Completed box being shipped out [7] []

%% goal height=578.15999, max depth=5.5
% t=11.0 g=578.15999 b=10000 p=301 c=100000#
% t=25.96008 plus 0.2 g=578.15999 b=10000 p=0 c=100000#
% t=40.92017 plus 0.4 g=578.15999 b=10000 p=0 c=100000#
% t=55.88025 plus 0.59999 g=578.15999 b=10000 p=0 c=100000#
% t=70.84033 plus 0.79999 g=578.15999 b=10000 p=0 c=100000#
% t=85.80042 plus 0.99998 g=578.15999 b=10000 p=0 c=100000#
% t=100.7605 plus 1.19998 g=578.15999 b=10000 p=0 c=100000#
% t=115.72058 plus 1.39998 g=578.15999 b=10000 p=0 c=100000#
% t=130.68066 plus 1.59998 g=578.15999 b=10000 p=-301 c=100000#
% t=156.52863 plus 2.59998 g=578.15999 b=10000 p=301 c=100000#
% t=171.48871 plus 2.79997 g=578.15999 b=10000 p=0 c=100000#
% t=186.44879 plus 2.99997 g=578.15999 b=10000 p=0 c=100000#
)
\tf@toc=\write6
\openout6 = `TFG.toc'.

% t=201.40887 plus 3.19997 g=578.15999 b=10000 p=0 c=100000#
% t=201.40887 plus 3.19997 plus 1.0fil g=578.15999 b=0 p=-10000 c=-10000#
LaTeX Info: Redefining \. on input line 31.
LaTeX Info: Redefining \% on input line 31.


Completed box being shipped out [8] []

%% goal height=578.15999, max depth=5.5
% t=0.0 g=578.15999 b=10000 p=0 c=100000#
% t=11.0 g=578.15999 b=10000 p=-10001 c=-10001#
 (./chapters/Capitulo1.tex
%% goal height=578.15999, max depth=5.5
% t=0.0 g=578.15999 b=10000 p=0 c=100000#
% t=11.0 g=578.15999 b=10000 p=-10001 c=-10001#

Cap\'{\i }tulo 1.
%% goal height=578.15999, max depth=5.5
% t=0.0 g=578.15999 b=10000 p=0 c=100000#
% t=262.46147 plus 6.94266 g=578.15999 b=10000 p=0 c=100000#
% t=277.42155 plus 6.94266 g=578.15999 b=10000 p=0 c=100000#
% t=292.38164 plus 6.94266 g=578.15999 b=10000 p=150 c=100000#
% t=307.34172 plus 6.94266 g=578.15999 b=10000 p=0 c=100000#

LaTeX Warning: Citation 'STTT_RV_21' on page 1 undefined on input line 17.

% t=329.1018 plus 8.94266 g=578.15999 b=10000 p=250 c=100000#
% t=344.06189 plus 8.94266 g=578.15999 b=10000 p=0 c=100000#
% t=359.02197 plus 8.94266 g=578.15999 b=10000 p=0 c=100000#
% t=373.98206 plus 8.94266 g=578.15999 b=10000 p=100 c=100000#
% t=388.94214 plus 8.94266 g=578.15999 b=10000 p=0 c=100000#
% t=403.90222 plus 8.94266 g=578.15999 b=10000 p=100 c=100000#
% t=418.8623 plus 8.94266 g=578.15999 b=10000 p=150 c=100000#
% t=433.82239 plus 8.94266 g=578.15999 b=10000 p=0 c=100000#

LaTeX Warning: Citation 'STL' on page 1 undefined on input line 19.

% t=455.58247 plus 10.94266 g=578.15999 b=10000 p=150 c=100000#
% t=470.54256 plus 10.94266 g=578.15999 b=10000 p=0 c=100000#
% t=485.50264 plus 10.94266 g=578.15999 b=10000 p=0 c=100000#
% t=500.46272 plus 10.94266 g=578.15999 b=10000 p=0 c=100000#
% t=515.4228 plus 10.94266 g=578.15999 b=10000 p=0 c=100000#
% t=530.38289 plus 10.94266 g=578.15999 b=10000 p=150 c=100000#
% t=545.34297 plus 10.94266 g=578.15999 b=2689 p=-300 c=2389#
% t=622.40103 plus 16.59872 minus 0.94266 g=578.15999 b=* p=-51 c=*

Underfull \vbox (badness 2689) has occurred while \output is active []

pdfTeX warning (ext4): destination with the same identifier (name{page.1}) has 
been already used, duplicate ignored
<to be read again> 
                   \relax 
l.25 \begin{center}
                   

Completed box being shipped out [1] []



%% goal height=578.15999, max depth=5.5
% t=0.0 g=578.15999 b=10000 p=0 c=100000#
% t=51.76102 plus 0.94266 g=578.15999 b=10000 p=-51 c=100000#
% t=73.5211 plus 2.94266 g=578.15999 b=10000 p=150 c=100000#
% t=88.48119 plus 2.94266 g=578.15999 b=10000 p=150 c=100000#
% t=103.44127 plus 2.94266 g=578.15999 b=10000 p=-51 c=100000#
% t=125.20135 plus 4.94266 g=578.15999 b=10000 p=150 c=100000#
% t=140.16144 plus 4.94266 g=578.15999 b=10000 p=0 c=100000#
% t=155.12152 plus 4.94266 g=578.15999 b=10000 p=0 c=100000#
% t=170.0816 plus 4.94266 g=578.15999 b=10000 p=150 c=100000#
% t=185.04169 plus 4.94266 g=578.15999 b=10000 p=0 c=100000#
% t=206.80177 plus 6.94266 g=578.15999 b=10000 p=150 c=100000#
% t=221.76186 plus 6.94266 g=578.15999 b=10000 p=150 c=100000#
% t=236.72194 plus 6.94266 g=578.15999 b=10000 p=-51 c=100000#
% t=258.48203 plus 8.94266 g=578.15999 b=10000 p=-51 c=100000#
% t=280.24211 plus 10.94266 g=578.15999 b=10000 p=300 c=100000#
% t=295.2022 plus 10.94266 g=578.15999 b=10000 p=-51 c=100000#
% t=316.96228 plus 12.94266 g=578.15999 b=10000 p=-51 c=100000#
% t=338.72237 plus 14.94266 g=578.15999 b=10000 p=150 c=100000#
% t=353.68245 plus 14.94266 g=578.15999 b=10000 p=0 c=100000#
% t=368.64253 plus 14.94266 g=578.15999 b=10000 p=0 c=100000#
% t=383.60262 plus 14.94266 g=578.15999 b=10000 p=150 c=100000#
% t=398.5627 plus 14.94266 g=578.15999 b=10000 p=-300 c=100000#
% t=460.66068 plus 20.59872 minus 0.94266 g=578.15999 b=10000 p=-51 c=100000#
% t=482.42076 plus 22.59872 minus 0.94266 g=578.15999 b=7595 p=300 c=7895#
% t=497.38084 plus 22.59872 minus 0.94266 g=578.15999 b=4556 p=-51 c=4505#
% t=519.14093 plus 24.59872 minus 0.94266 g=578.15999 b=1377 p=300 c=1677#
% t=534.10101 plus 24.59872 minus 0.94266 g=578.15999 b=571 p=-51 c=520#
% t=555.8611 plus 26.59872 minus 0.94266 g=578.15999 b=58 p=300 c=358#
% t=570.82118 plus 26.59872 minus 0.94266 g=578.15999 b=2 p=-51 c=-49#
% t=592.58127 plus 28.59872 minus 0.94266 g=578.15999 b=* p=300 c=*
LaTeX Info: Redefining \. on input line 56.
LaTeX Info: Redefining \% on input line 56.


Completed box being shipped out [2] []

%% goal height=578.15999, max depth=5.5
% t=11.0 g=578.15999 b=10000 p=300 c=100000#
% t=25.96008 g=578.15999 b=10000 p=-51 c=100000#


LaTeX Warning: Citation 'StlEval' on page 3 undefined on input line 58.

% t=47.72017 plus 2.0 g=578.15999 b=10000 p=150 c=100000#
% t=62.68025 plus 2.0 g=578.15999 b=10000 p=150 c=100000#
% t=77.64034 plus 2.0 g=578.15999 b=10000 p=-51 c=100000#

LaTeX Warning: Citation 'ParetoLib' on page 3 undefined on input line 59.

% t=99.40042 plus 4.0 g=578.15999 b=10000 p=250 c=100000#
% t=114.3605 plus 4.0 g=578.15999 b=10000 p=0 c=100000#
% t=129.32059 plus 4.0 g=578.15999 b=10000 p=100 c=100000#
% t=144.28067 plus 4.0 g=578.15999 b=10000 p=0 c=100000#
% t=159.24075 plus 4.0 g=578.15999 b=10000 p=0 c=100000#
% t=174.20084 plus 4.0 g=578.15999 b=10000 p=150 c=100000#
% t=189.16092 plus 4.0 g=578.15999 b=10000 p=-51 c=100000#
% t=191.28955 plus 4.0 g=578.15999 b=10000 p=-300 c=100000#
% t=266.21898 plus 9.65607 minus 0.94266 g=578.15999 b=10000 p=0 c=100000#
% t=281.17906 plus 9.65607 minus 0.94266 g=578.15999 b=10000 p=0 c=100000#
% t=296.13914 plus 9.65607 minus 0.94266 g=578.15999 b=10000 p=150 c=100000#
% t=311.09923 plus 9.65607 minus 0.94266 g=578.15999 b=10000 p=-300 c=100000#
% t=388.15729 plus 15.31213 minus 1.88531 g=578.15999 b=10000 p=0 c=100000#
% t=403.11737 plus 15.31213 minus 1.88531 g=578.15999 b=10000 p=100 c=100000#
% t=418.07745 plus 15.31213 minus 1.88531 g=578.15999 b=10000 p=0 c=100000#
% t=433.03754 plus 15.31213 minus 1.88531 g=578.15999 b=10000 p=0 c=100000#
% t=447.99762 plus 15.31213 minus 1.88531 g=578.15999 b=10000 p=100 c=100000#
% t=462.9577 plus 15.31213 minus 1.88531 g=578.15999 b=10000 p=150 c=100000#
% t=477.91779 plus 15.31213 minus 1.88531 g=578.15999 b=10000 p=0 c=100000#
% t=499.67787 plus 17.31213 minus 1.88531 g=578.15999 b=10000 p=300 c=100000#
% t=514.63795 plus 17.31213 minus 1.88531 g=578.15999 b=4927 p=-300 c=4627#
% t=582.3469 plus 22.9682 minus 2.82797 g=578.15999 b=* p=0 c=*

Underfull \vbox (badness 4927) has occurred while \output is active []

LaTeX Info: Redefining \. on input line 74.
LaTeX Info: Redefining \% on input line 74.


Completed box being shipped out [3] []

%% goal height=578.15999, max depth=5.5
% t=0.0 g=578.15999 b=10000 p=0 c=100000#
% t=47.99028 plus 0.94266 g=578.15999 b=10000 p=0 c=100000#
% t=62.95036 plus 0.94266 g=578.15999 b=10000 p=0 c=100000#
% t=77.91045 plus 0.94266 g=578.15999 b=10000 p=150 c=100000#
% t=92.87053 plus 0.94266 g=578.15999 b=10000 p=0 c=100000#
% t=114.63062 plus 2.94266 g=578.15999 b=10000 p=150 c=100000#
% t=129.5907 plus 2.94266 g=578.15999 b=10000 p=0 c=100000#
% t=144.55078 plus 2.94266 g=578.15999 b=10000 p=150 c=100000#
% t=159.51086 plus 2.94266 g=578.15999 b=10000 p=-300 c=100000#
% t=227.2198 plus 8.59872 minus 0.94266 g=578.15999 b=10000 p=0 c=100000#
% t=242.17989 plus 8.59872 minus 0.94266 g=578.15999 b=10000 p=0 c=100000#
% t=257.13997 plus 8.59872 minus 0.94266 g=578.15999 b=10000 p=0 c=100000#
% t=272.10005 plus 8.59872 minus 0.94266 g=578.15999 b=10000 p=150 c=100000#
% t=287.06013 plus 8.59872 minus 0.94266 g=578.15999 b=10000 p=0 c=100000#
% t=308.82022 plus 10.59872 minus 0.94266 g=578.15999 b=10000 p=150 c=100000#
% t=323.7803 plus 10.59872 minus 0.94266 g=578.15999 b=10000 p=150 c=100000#
% t=338.74039 plus 10.59872 minus 0.94266 g=578.15999 b=10000 p=-300 c=100000#
% t=406.44933 plus 16.25479 minus 1.88531 g=578.15999 b=10000 p=0 c=100000#
% t=421.40941 plus 16.25479 minus 1.88531 g=578.15999 b=10000 p=0 c=100000#
% t=436.36949 plus 16.25479 minus 1.88531 g=578.15999 b=10000 p=150 c=100000#
% t=451.32957 plus 16.25479 minus 1.88531 g=578.15999 b=10000 p=-300 c=100000#
% t=519.03851 plus 21.91086 minus 2.82797 g=578.15999 b=1960 p=0 c=1960#
% t=533.9986 plus 21.91086 minus 2.82797 g=578.15999 b=816 p=150 c=966#
% t=548.95868 plus 21.91086 minus 2.82797 g=578.15999 b=235 p=0 c=235#
% t=570.71877 plus 23.91086 minus 2.82797 g=578.15999 b=3 p=150 c=153#
% t=585.67885 plus 23.91086 minus 2.82797 g=578.15999 b=* p=0 c=*
LaTeX Info: Redefining \. on input line 92.
LaTeX Info: Redefining \% on input line 92.


Completed box being shipped out [4] []

%% goal height=578.15999, max depth=5.5
% t=11.0 g=578.15999 b=10000 p=0 c=100000#
% t=25.96008 g=578.15999 b=10000 p=0 c=100000#
% t=40.92017 g=578.15999 b=10000 p=0 c=100000#
% t=55.88025 g=578.15999 b=10000 p=0 c=100000#
% t=70.84033 g=578.15999 b=10000 p=150 c=100000#
% t=85.80042 g=578.15999 b=10000 p=-300 c=100000#
% t=162.85847 plus 5.65607 minus 0.94266 g=578.15999 b=10000 p=150 c=100000#
% t=177.81856 plus 5.65607 minus 0.94266 g=578.15999 b=10000 p=0 c=100000#
% t=199.57864 plus 7.65607 minus 0.94266 g=578.15999 b=10000 p=300 c=100000#
<images/gant.png, id=167, 1233.60875pt x 455.7025pt>
File: images/gant.png Graphic file (type png)
<use images/gant.png>
Package pdftex.def Info: images/gant.png  used on input line 103.
(pdftex.def)             Requested size: 390.25534pt x 144.15894pt.
% t=214.53873 plus 7.65607 minus 0.94266 g=578.15999 b=10000 p=-10004 c=-10004#
%% goal height=16383.99998, max depth=5.5
% t=11.0 g=16383.99998 b=10000 p=-10003 c=-10003#
%% goal height=578.15999, max depth=5.5
% t=11.0 g=578.15999 b=10000 p=0 c=100000#
% t=25.96008 g=578.15999 b=10000 p=0 c=100000#
% t=40.92017 g=578.15999 b=10000 p=0 c=100000#
% t=55.88025 g=578.15999 b=10000 p=0 c=100000#
% t=70.84033 g=578.15999 b=10000 p=150 c=100000#
% t=85.80042 g=578.15999 b=10000 p=-300 c=100000#
% t=162.85847 plus 5.65607 minus 0.94266 g=578.15999 b=10000 p=150 c=100000#
% t=177.81856 plus 5.65607 minus 0.94266 g=578.15999 b=10000 p=0 c=100000#
% t=199.57864 plus 7.65607 minus 0.94266 g=578.15999 b=10000 p=300 c=100000#
% t=214.53873 plus 7.65607 minus 0.94266 g=578.15999 b=10000 p=0 c=100000#
) (./chapters/Capitulo1_EN.tex
% t=214.53873 plus 7.65607 plus 1.0fil minus 0.94266 g=578.15999 b=0 p=-10000 c
=-10000#
LaTeX Info: Redefining \. on input line 1.
LaTeX Info: Redefining \% on input line 1.


Completed box being shipped out [5] []

LaTeX Info: Redefining \. on input line 1.
LaTeX Info: Redefining \% on input line 1.


Completed box being shipped out [6] []

pdfTeX warning (ext4): destination with the same identifier (name{figure.1.1}) 
has been already used, duplicate ignored

\AtBegShi@Output ...ipout \box \AtBeginShipoutBox 
                                                  \fi \fi 
l.1 \chapter
            {Introduction} <./images/gant.png>
%% goal height=578.15999, max depth=5.5
% t=0.0 g=578.15999 b=10000 p=0 c=100000#
% t=11.0 g=578.15999 b=10000 p=-10001 c=-10001#

Cap\'{\i }tulo 2.
%% goal height=578.15999, max depth=5.5
% t=0.0 g=578.15999 b=10000 p=0 c=100000#
% t=262.46147 plus 6.94266 g=578.15999 b=10000 p=0 c=100000#
% t=277.42155 plus 6.94266 g=578.15999 b=10000 p=0 c=100000#
% t=292.38164 plus 6.94266 g=578.15999 b=10000 p=150 c=100000#
% t=307.34172 plus 6.94266 g=578.15999 b=10000 p=0 c=100000#

LaTeX Warning: Citation 'STTT_RV_21' on page 7 undefined on input line 6.

% t=329.1018 plus 8.94266 g=578.15999 b=10000 p=150 c=100000#
% t=344.06189 plus 8.94266 g=578.15999 b=10000 p=0 c=100000#
% t=359.02197 plus 8.94266 g=578.15999 b=10000 p=0 c=100000#
% t=373.98206 plus 8.94266 g=578.15999 b=10000 p=0 c=100000#
% t=388.94214 plus 8.94266 g=578.15999 b=10000 p=0 c=100000#
% t=403.90222 plus 8.94266 g=578.15999 b=10000 p=150 c=100000#
% t=418.8623 plus 8.94266 g=578.15999 b=10000 p=0 c=100000#

LaTeX Warning: Citation 'STL' on page 7 undefined on input line 8.

% t=440.62239 plus 10.94266 g=578.15999 b=10000 p=250 c=100000#
% t=455.58247 plus 10.94266 g=578.15999 b=10000 p=0 c=100000#
% t=470.54256 plus 10.94266 g=578.15999 b=10000 p=0 c=100000#
% t=485.50264 plus 10.94266 g=578.15999 b=10000 p=0 c=100000#
% t=500.46272 plus 10.94266 g=578.15999 b=10000 p=0 c=100000#
% t=515.4228 plus 10.94266 g=578.15999 b=10000 p=150 c=100000#
% t=530.38289 plus 10.94266 g=578.15999 b=10000 p=-300 c=100000#
% t=592.48087 plus 16.59872 minus 0.94266 g=578.15999 b=* p=-51 c=*

Underfull \vbox (badness 10000) has occurred while \output is active []



Completed box being shipped out [7] []


%% goal height=578.15999, max depth=5.5
% t=0.0 g=578.15999 b=10000 p=0 c=100000#
% t=36.80093 plus 0.94266 g=578.15999 b=10000 p=-51 c=100000#
% t=58.56102 plus 2.94266 g=578.15999 b=10000 p=400 c=100000#
% t=73.5211 plus 2.94266 g=578.15999 b=10000 p=-51 c=100000#
% t=95.28119 plus 4.94266 g=578.15999 b=10000 p=-51 c=100000#
% t=117.04128 plus 6.94266 g=578.15999 b=10000 p=-51 c=100000#
% t=138.80136 plus 8.94266 g=578.15999 b=10000 p=300 c=100000#
% t=153.76144 plus 8.94266 g=578.15999 b=10000 p=-51 c=100000#


LaTeX Warning: Citation 'StlEval' on page 8 undefined on input line 24.

% t=175.52153 plus 10.94266 g=578.15999 b=10000 p=250 c=100000#
% t=190.48161 plus 10.94266 g=578.15999 b=10000 p=150 c=100000#
% t=205.4417 plus 10.94266 g=578.15999 b=10000 p=-51 c=100000#

LaTeX Warning: Citation 'StlEval' on page 8 undefined on input line 25.

% t=227.20178 plus 12.94266 g=578.15999 b=10000 p=150 c=100000#
% t=242.16187 plus 12.94266 g=578.15999 b=10000 p=0 c=100000#
% t=257.12195 plus 12.94266 g=578.15999 b=10000 p=0 c=100000#
% t=272.08203 plus 12.94266 g=578.15999 b=10000 p=0 c=100000#
% t=287.04211 plus 12.94266 g=578.15999 b=10000 p=0 c=100000#
% t=302.0022 plus 12.94266 g=578.15999 b=10000 p=150 c=100000#
% t=316.96228 plus 12.94266 g=578.15999 b=10000 p=-51 c=100000#
% t=316.96228 plus 12.94266 g=578.15999 b=10000 p=-300 c=100000#
% t=394.02034 plus 18.59872 minus 0.94266 g=578.15999 b=10000 p=0 c=100000#
% t=408.98042 plus 18.59872 minus 0.94266 g=578.15999 b=10000 p=150 c=100000#
% t=423.9405 plus 18.59872 minus 0.94266 g=578.15999 b=10000 p=-300 c=100000#
% t=500.99857 plus 24.25479 minus 1.88531 g=578.15999 b=3209 p=0 c=3209#
% t=515.95865 plus 24.25479 minus 1.88531 g=578.15999 b=1681 p=0 c=1681#
% t=530.91873 plus 24.25479 minus 1.88531 g=578.15999 b=737 p=0 c=737#
% t=545.87881 plus 24.25479 minus 1.88531 g=578.15999 b=235 p=0 c=235#
% t=560.8389 plus 24.25479 minus 1.88531 g=578.15999 b=36 p=0 c=36#
% t=575.79898 plus 24.25479 minus 1.88531 g=578.15999 b=0 p=150 c=150
% t=590.75906 plus 24.25479 minus 1.88531 g=578.15999 b=* p=0 c=*
LaTeX Info: Redefining \. on input line 37.
LaTeX Info: Redefining \% on input line 37.

Completed box being shipped out [8] []

%% goal height=578.15999, max depth=5.5
% t=11.0 g=578.15999 b=10000 p=150 c=100000#
% t=25.96008 g=578.15999 b=10000 p=0 c=100000#
% t=47.72017 plus 2.0 g=578.15999 b=10000 p=-300 c=100000#
% t=115.42911 plus 7.65607 minus 0.94266 g=578.15999 b=10000 p=0 c=100000#
% t=130.38919 plus 7.65607 minus 0.94266 g=578.15999 b=10000 p=0 c=100000#
% t=145.34927 plus 7.65607 minus 0.94266 g=578.15999 b=10000 p=0 c=100000#
% t=160.30936 plus 7.65607 minus 0.94266 g=578.15999 b=10000 p=0 c=100000#
% t=175.26944 plus 7.65607 minus 0.94266 g=578.15999 b=10000 p=0 c=100000#
% t=190.22952 plus 7.65607 minus 0.94266 g=578.15999 b=10000 p=150 c=100000#
% t=205.1896 plus 7.65607 minus 0.94266 g=578.15999 b=10000 p=-300 c=100000#
% t=272.89854 plus 13.31213 minus 1.88531 g=578.15999 b=10000 p=0 c=100000#
% t=287.85863 plus 13.31213 minus 1.88531 g=578.15999 b=10000 p=0 c=100000#
% t=302.81871 plus 13.31213 minus 1.88531 g=578.15999 b=10000 p=0 c=100000#
% t=317.7788 plus 13.31213 minus 1.88531 g=578.15999 b=10000 p=150 c=100000#
% t=332.73888 plus 13.31213 minus 1.88531 g=578.15999 b=10000 p=-300 c=100000#
% t=400.44781 plus 18.9682 minus 2.82797 g=578.15999 b=10000 p=0 c=100000#
% t=415.4079 plus 18.9682 minus 2.82797 g=578.15999 b=10000 p=0 c=100000#
% t=430.36798 plus 18.9682 minus 2.82797 g=578.15999 b=10000 p=150 c=100000#
% t=445.32806 plus 18.9682 minus 2.82797 g=578.15999 b=10000 p=-300 c=100000#
% t=513.037 plus 24.62427 minus 3.77063 g=578.15999 b=1845 p=0 c=1845#
% t=527.99709 plus 24.62427 minus 3.77063 g=578.15999 b=845 p=150 c=995#
% t=542.95717 plus 24.62427 minus 3.77063 g=578.15999 b=291 p=0 c=291#
% t=564.71725 plus 26.62427 minus 3.77063 g=578.15999 b=13 p=150 c=163#
% t=579.67734 plus 26.62427 minus 3.77063 g=578.15999 b=6 p=0 c=6#
% t=594.63742 plus 26.62427 minus 3.77063 g=578.15999 b=* p=0 c=*
LaTeX Info: Redefining \. on input line 57.
LaTeX Info: Redefining \% on input line 57.


Completed box being shipped out [9] []

%% goal height=578.15999, max depth=5.5
% t=11.0 g=578.15999 b=10000 p=0 c=100000#
% t=25.96008 g=578.15999 b=10000 p=0 c=100000#
% t=40.92017 g=578.15999 b=10000 p=0 c=100000#
% t=55.88025 g=578.15999 b=10000 p=150 c=100000#
% t=70.84033 g=578.15999 b=10000 p=-300 c=100000#
% t=147.89839 plus 5.65607 minus 0.94266 g=578.15999 b=10000 p=0 c=100000#
% t=162.85847 plus 5.65607 minus 0.94266 g=578.15999 b=10000 p=150 c=100000#
File: images/gant.png Graphic file (type png)
<use images/gant.png>
Package pdftex.def Info: images/gant.png  used on input line 64.
(pdftex.def)             Requested size: 346.89731pt x 128.14514pt.
% t=177.81856 plus 5.65607 minus 0.94266 g=578.15999 b=10000 p=-10004 c=-10004#
%% goal height=16383.99998, max depth=5.5
% t=11.0 g=16383.99998 b=10000 p=-10003 c=-10003#
%% goal height=184.17397, max depth=5.5
% t=11.0 g=184.17397 b=10000 p=0 c=100000#
% t=25.96008 g=184.17397 b=10000 p=0 c=100000#
% t=40.92017 g=184.17397 b=10000 p=0 c=100000#
% t=55.88025 g=184.17397 b=10000 p=150 c=100000#
% t=70.84033 g=184.17397 b=10000 p=-300 c=100000#
% t=147.89839 plus 5.65607 minus 0.94266 g=184.17397 b=10000 p=0 c=100000#
% t=162.85847 plus 5.65607 minus 0.94266 g=184.17397 b=5345 p=150 c=5495#
% t=177.81856 plus 5.65607 minus 0.94266 g=184.17397 b=141 p=0 c=141#
) (./chapters/Capitulo2.tex
% t=177.81856 plus 5.65607 plus 1.0fil minus 0.94266 g=184.17397 b=0 p=-10000 c
=-10000#
LaTeX Info: Redefining \. on input line 1.
LaTeX Info: Redefining \% on input line 1.


Completed box being shipped out [10] []

pdfTeX warning (ext4): destination with the same identifier (name{figure.2.1}) 
has been already used, duplicate ignored

\AtBegShi@Output ...ipout \box \AtBeginShipoutBox 
                                                  \fi \fi 
l.1 \chapter
            {Nuevos operadores para STL}
%% goal height=578.15999, max depth=5.5
% t=0.0 g=578.15999 b=10000 p=0 c=100000#
% t=11.0 g=578.15999 b=10000 p=-10001 c=-10001#

Cap\'{\i }tulo 3.
%% goal height=578.15999, max depth=5.5
% t=0.0 g=578.15999 b=10000 p=0 c=100000#

LaTeX Warning: Citation 'STL' on page 11 undefined on input line 6.

% t=262.46147 plus 6.94266 g=578.15999 b=10000 p=0 c=100000#
% t=277.42155 plus 6.94266 g=578.15999 b=10000 p=150 c=100000#
% t=292.38164 plus 6.94266 g=578.15999 b=10000 p=0 c=100000#
% t=314.14172 plus 8.94266 g=578.15999 b=10000 p=150 c=100000#
% t=329.1018 plus 8.94266 g=578.15999 b=10000 p=0 c=100000#
% t=344.06189 plus 8.94266 g=578.15999 b=10000 p=150 c=100000#
% t=359.02197 plus 8.94266 g=578.15999 b=10000 p=0 c=100000#
% t=380.78206 plus 10.94266 g=578.15999 b=10000 p=250 c=100000#
% t=395.74214 plus 10.94266 g=578.15999 b=10000 p=0 c=100000#
% t=410.70222 plus 10.94266 g=578.15999 b=10000 p=0 c=100000#
% t=425.66231 plus 10.94266 g=578.15999 b=10000 p=150 c=100000#
% t=440.62239 plus 10.94266 g=578.15999 b=10000 p=0 c=100000#
% t=462.38248 plus 12.94266 g=578.15999 b=10000 p=0 c=100000#
% t=499.10265 plus 17.94266 g=578.15999 b=10000 p=0 c=100000#
% t=527.36273 plus 23.44266 minus 3.0 g=578.15999 b=1014 p=150 c=1164#
% t=542.32281 plus 23.44266 minus 3.0 g=578.15999 b=357 p=0 c=357#
% t=557.2829 plus 23.44266 minus 3.0 g=578.15999 b=70 p=0 c=70#
% t=572.24298 plus 23.44266 minus 3.0 g=578.15999 b=2 p=150 c=152
% t=587.20306 plus 23.44266 minus 3.0 g=578.15999 b=* p=0 c=*

Completed box being shipped out [11] []


%% goal height=578.15999, max depth=5.5
% t=11.0 g=578.15999 b=10000 p=150 c=100000#
% t=25.96008 g=578.15999 b=10000 p=0 c=100000#
% t=78.16832 plus 5.0 minus 6.0 g=578.15999 b=10000 p=0 c=100000#


LaTeX Warning: Citation 'TACAS_19' on page 12 undefined on input line 28.


LaTeX Warning: Citation 'Stl_Der_Int' on page 12 undefined on input line 28.

% t=106.44034 plus 10.0 minus 12.0 g=578.15999 b=10000 p=150 c=100000#
% t=121.40042 plus 10.0 minus 12.0 g=578.15999 b=10000 p=150 c=100000#
% t=136.3605 plus 10.0 minus 12.0 g=578.15999 b=10000 p=0 c=100000#

LaTeX Warning: Citation 'AMT2' on page 12 undefined on input line 31.


LaTeX Warning: Citation 'StlEval' on page 12 undefined on input line 31.


LaTeX Warning: Citation 'Stl_Der_Int' on page 12 undefined on input line 31.

% t=158.12059 plus 12.0 minus 12.0 g=578.15999 b=10000 p=150 c=100000#
% t=173.08067 plus 12.0 minus 12.0 g=578.15999 b=10000 p=0 c=100000#
% t=188.04076 plus 12.0 minus 12.0 g=578.15999 b=10000 p=0 c=100000#
% t=203.00084 plus 12.0 minus 12.0 g=578.15999 b=10000 p=0 c=100000#
% t=217.96092 plus 12.0 minus 12.0 g=578.15999 b=10000 p=150 c=100000#
% t=232.921 plus 12.0 minus 12.0 g=578.15999 b=10000 p=-300 c=100000#

LaTeX Warning: Citation 'Stl_Der_Int' on page 12 undefined on input line 35.

% t=309.97906 plus 17.65607 minus 12.94266 g=578.15999 b=10000 p=0 c=100000#
% t=324.93915 plus 17.65607 minus 12.94266 g=578.15999 b=10000 p=0 c=100000#
% t=339.89923 plus 17.65607 minus 12.94266 g=578.15999 b=10000 p=0 c=100000#
% t=354.85931 plus 17.65607 minus 12.94266 g=578.15999 b=10000 p=150 c=100000#
% t=369.8194 plus 17.65607 minus 12.94266 g=578.15999 b=10000 p=0 c=100000#
% t=391.57948 plus 19.65607 minus 12.94266 g=578.15999 b=10000 p=150 c=100000#
% t=406.53957 plus 19.65607 minus 12.94266 g=578.15999 b=10000 p=0 c=100000#
% t=421.49965 plus 19.65607 minus 12.94266 g=578.15999 b=10000 p=150 c=100000#
<images/senal_original.png, id=212, 201.8742pt x 133.33815pt>
File: images/senal_original.png Graphic file (type png)
<use images/senal_original.png>
Package pdftex.def Info: images/senal_original.png  used on input line 42.
(pdftex.def)             Requested size: 173.44534pt x 114.56886pt.
<images/senal_muestreada.png, id=213, 192.84045pt x 133.33815pt>
File: images/senal_muestreada.png Graphic file (type png)
<use images/senal_muestreada.png>
Package pdftex.def Info: images/senal_muestreada.png  used on input line 43.
(pdftex.def)             Requested size: 173.44534pt x 119.93404pt.
% t=436.45973 plus 19.65607 minus 12.94266 g=578.15999 b=10000 p=-10004 c=-1000
4#
%% goal height=16383.99998, max depth=5.5
% t=11.0 g=16383.99998 b=10000 p=-10003 c=-10003#
%% goal height=578.15999, max depth=5.5
% t=11.0 g=578.15999 b=10000 p=150 c=100000#
% t=25.96008 g=578.15999 b=10000 p=0 c=100000#
% t=78.16832 plus 5.0 minus 6.0 g=578.15999 b=10000 p=0 c=100000#
% t=106.44034 plus 10.0 minus 12.0 g=578.15999 b=10000 p=150 c=100000#
% t=121.40042 plus 10.0 minus 12.0 g=578.15999 b=10000 p=150 c=100000#
% t=136.3605 plus 10.0 minus 12.0 g=578.15999 b=10000 p=0 c=100000#
% t=158.12059 plus 12.0 minus 12.0 g=578.15999 b=10000 p=150 c=100000#
% t=173.08067 plus 12.0 minus 12.0 g=578.15999 b=10000 p=0 c=100000#
% t=188.04076 plus 12.0 minus 12.0 g=578.15999 b=10000 p=0 c=100000#
% t=203.00084 plus 12.0 minus 12.0 g=578.15999 b=10000 p=0 c=100000#
% t=217.96092 plus 12.0 minus 12.0 g=578.15999 b=10000 p=150 c=100000#
% t=232.921 plus 12.0 minus 12.0 g=578.15999 b=10000 p=-300 c=100000#
% t=309.97906 plus 17.65607 minus 12.94266 g=578.15999 b=10000 p=0 c=100000#
% t=324.93915 plus 17.65607 minus 12.94266 g=578.15999 b=10000 p=0 c=100000#
% t=339.89923 plus 17.65607 minus 12.94266 g=578.15999 b=10000 p=0 c=100000#
% t=354.85931 plus 17.65607 minus 12.94266 g=578.15999 b=10000 p=150 c=100000#
% t=369.8194 plus 17.65607 minus 12.94266 g=578.15999 b=10000 p=0 c=100000#
% t=391.57948 plus 19.65607 minus 12.94266 g=578.15999 b=10000 p=150 c=100000#
% t=406.53957 plus 19.65607 minus 12.94266 g=578.15999 b=10000 p=0 c=100000#
% t=421.49965 plus 19.65607 minus 12.94266 g=578.15999 b=10000 p=150 c=100000#
% t=436.45973 plus 19.65607 minus 12.94266 g=578.15999 b=10000 p=0 c=100000#
% t=436.45973 plus 19.65607 minus 12.94266 g=578.15999 b=10000 p=-300 c=100000#
% t=513.51779 plus 25.31213 minus 13.88531 g=578.15999 b=1661 p=0 c=1661#
% t=528.75616 plus 25.31213 minus 13.88531 g=578.15999 b=740 p=150 c=890#
% t=543.43796 plus 25.31213 minus 13.88531 g=578.15999 b=257 p=0 c=257#
% t=631.55191 plus 30.31213 minus 19.88531 g=578.15999 b=* p=0 c=*
LaTeX Info: Redefining \. on input line 55.
LaTeX Info: Redefining \% on input line 55.

Completed box being shipped out [12] []

%% goal height=411.13724, max depth=5.5
% t=77.35387 plus 3.0 minus 6.0 g=411.13724 b=10000 p=0 c=100000#
% t=103.69536 plus 8.0 minus 12.0 g=411.13724 b=10000 p=150 c=100000#
% t=118.65544 plus 8.0 minus 12.0 g=411.13724 b=10000 p=150 c=100000#
% t=133.61552 plus 8.0 minus 12.0 g=411.13724 b=10000 p=0 c=100000#
% t=225.08746 plus 13.0 minus 18.0 g=411.13724 b=10000 p=0 c=100000#
% t=253.35948 plus 18.0 minus 24.0 g=411.13724 b=10000 p=150 c=100000#
% t=268.31956 plus 18.0 minus 24.0 g=411.13724 b=10000 p=150 c=100000#
<images/derivada.png, id=221, 192.84045pt x 133.33815pt>
File: images/derivada.png Graphic file (type png)
<use images/derivada.png>
Package pdftex.def Info: images/derivada.png  used on input line 68.
(pdftex.def)             Requested size: 173.44534pt x 119.93404pt.
<images/integral.png, id=222, 192.84045pt x 133.33815pt>
File: images/integral.png Graphic file (type png)
<use images/integral.png>
Package pdftex.def Info: images/integral.png  used on input line 69.
(pdftex.def)             Requested size: 173.44534pt x 119.93404pt.
% t=283.27965 plus 18.0 minus 24.0 g=411.13724 b=10000 p=-10004 c=-10004#
%% goal height=16383.99998, max depth=5.5
% t=11.0 g=16383.99998 b=10000 p=-10003 c=-10003#
%% goal height=411.13724, max depth=5.5
% t=77.35387 plus 3.0 minus 6.0 g=411.13724 b=10000 p=0 c=100000#
% t=103.69536 plus 8.0 minus 12.0 g=411.13724 b=10000 p=150 c=100000#
% t=118.65544 plus 8.0 minus 12.0 g=411.13724 b=10000 p=150 c=100000#
% t=133.61552 plus 8.0 minus 12.0 g=411.13724 b=10000 p=0 c=100000#
% t=225.08746 plus 13.0 minus 18.0 g=411.13724 b=10000 p=0 c=100000#
% t=253.35948 plus 18.0 minus 24.0 g=411.13724 b=10000 p=150 c=100000#
% t=268.31956 plus 18.0 minus 24.0 g=411.13724 b=10000 p=150 c=100000#
% t=283.27965 plus 18.0 minus 24.0 g=411.13724 b=10000 p=0 c=100000#
% t=305.03973 plus 20.0 minus 24.0 g=411.13724 b=10000 p=150 c=100000#
% t=319.99982 plus 20.0 minus 24.0 g=411.13724 b=10000 p=150 c=100000#
% t=335.23819 plus 20.0 minus 24.0 g=411.13724 b=5460 p=-300 c=5160#


LaTeX Warning: Citation 'FORMATS_19' on page 13 undefined on input line 77.


LaTeX Warning: Citation 'ParetoLib' on page 13 undefined on input line 77.

% t=412.01796 plus 25.65607 minus 24.94266 g=411.13724 b=0 p=0 c=0#
% t=426.97804 plus 25.65607 minus 24.94266 g=411.13724 b=25 p=0 c=25
% t=441.93813 plus 25.65607 minus 24.94266 g=411.13724 b=* p=0 c=*
LaTeX Info: Redefining \. on input line 78.
LaTeX Info: Redefining \% on input line 78.

Completed box being shipped out [13] []

pdfTeX warning (ext4): destination with the same identifier (name{figure.3.1}) 
has been already used, duplicate ignored

\AtBegShi@Output ...ipout \box \AtBeginShipoutBox 
                                                  \fi \fi 
l.78 
      <./images/senal_original.png> <./images/senal_muestreada.png>
%% goal height=411.13724, max depth=5.5
% t=11.0 g=411.13724 b=10000 p=0 c=100000#
% t=25.96008 g=411.13724 b=10000 p=0 c=100000#
% t=40.92017 g=411.13724 b=10000 p=150 c=100000#
<images/triangular.png, id=232, 476.763pt x 213.087pt>
File: images/triangular.png Graphic file (type png)
<use images/triangular.png>
Package pdftex.def Info: images/triangular.png  used on input line 82.
(pdftex.def)             Requested size: 303.53267pt x 135.66313pt.
% t=55.88025 g=411.13724 b=10000 p=-10004 c=-10004#
%% goal height=16383.99998, max depth=5.5
% t=11.0 g=16383.99998 b=10000 p=-10003 c=-10003#
%% goal height=411.13724, max depth=5.5
% t=11.0 g=411.13724 b=10000 p=0 c=100000#
% t=25.96008 g=411.13724 b=10000 p=0 c=100000#
% t=40.92017 g=411.13724 b=10000 p=150 c=100000#
% t=55.88025 g=411.13724 b=10000 p=0 c=100000#
% t=232.76073 plus 2.0 minus 2.0 g=411.13724 b=10000 p=0 c=100000#
% t=257.59218 plus 4.0 minus 4.0 g=411.13724 b=10000 p=250 c=100000#
% t=272.55226 plus 4.0 minus 4.0 g=411.13724 b=10000 p=150 c=100000#
% t=287.51234 plus 8.0 minus 6.0 g=377.70712 b=10000 p=0 c=100000#
% t=324.23251 plus 13.0 minus 6.0 g=377.70712 b=6944 p=0 c=6944#
% t=352.4926 plus 18.5 minus 9.0 g=377.70712 b=252 p=250 c=502#
% t=367.45268 plus 18.5 minus 9.0 g=377.70712 b=17 p=0 c=17#
% t=382.41277 plus 18.5 minus 9.0 g=377.70712 b=14 p=0 c=14#
% t=397.37285 plus 18.5 minus 9.0 g=377.70712 b=* p=150 c=*
LaTeX Info: Redefining \. on input line 96.
LaTeX Info: Redefining \% on input line 96.


Completed box being shipped out [14] []

pdfTeX warning (ext4): destination with the same identifier (name{figure.3.2}) 
has been already used, duplicate ignored

\AtBegShi@Output ...ipout \box \AtBeginShipoutBox 
                                                  \fi \fi 
l.96 
     pdfTeX warning (ext4): destination with the same identifier (name{figure.3
.3}) has been already used, duplicate ignored

\AtBegShi@Output ...ipout \box \AtBeginShipoutBox 
                                                  \fi \fi 
l.96 
      <./images/derivada.png> <./images/integral.png> <./images/triangular.png>
%% goal height=578.15999, max depth=5.5
% t=11.0 g=578.15999 b=10000 p=150 c=100000#
<images/stl_parametrico.png, id=255, 499.8675pt x 432.11438pt>
File: images/stl_parametrico.png Graphic file (type png)
<use images/stl_parametrico.png>
Package pdftex.def Info: images/stl_parametrico.png  used on input line 99.
(pdftex.def)             Requested size: 303.53267pt x 262.40254pt.
% t=25.96008 g=578.15999 b=10000 p=-10004 c=-10004#
%% goal height=16383.99998, max depth=5.5
% t=11.0 g=16383.99998 b=10000 p=-10003 c=-10003#
%% goal height=578.15999, max depth=5.5
% t=11.0 g=578.15999 b=10000 p=150 c=100000#
% t=25.96008 g=578.15999 b=10000 p=0 c=100000#
% t=329.57997 plus 2.0 minus 2.0 g=578.15999 b=10000 p=0 c=100000#
% t=354.41142 plus 4.0 minus 4.0 g=578.15999 b=10000 p=150 c=100000#
% t=369.3715 plus 4.0 minus 4.0 g=578.15999 b=10000 p=150 c=100000#
(/usr/share/texlive/texmf-dist/tex/latex/listings/lstlang1.sty
File: lstlang1.sty 2019/09/10 1.8c listings language file
)
% t=384.33159 plus 4.0 minus 4.0 g=578.15999 b=10000 p=-50 c=100000#
Package hyperref Info: bookmark level for unknown lstlisting defaults to 0 on i
nput line 118.
LaTeX Font Info:    Trying to load font information for T1+cmtt on input line 1
18.

(/usr/share/texlive/texmf-dist/tex/latex/base/t1cmtt.fd
File: t1cmtt.fd 2019/12/16 v2.5j Standard LaTeX font definitions
)
(./code/python/example2d_derivative.py
% t=392.46022 plus 6.0 minus 6.0 g=578.15999 b=10000 p=0 c=100000#
% t=402.43166 plus 6.0 minus 6.0 g=578.15999 b=10000 p=0 c=100000#
% t=414.53172 plus 6.0 minus 6.0 g=578.15999 b=10000 p=0 c=100000#
% t=426.63179 plus 6.0 minus 6.0 g=578.15999 b=10000 p=0 c=100000#
% t=438.73186 plus 6.0 minus 6.0 g=578.15999 b=10000 p=0 c=100000#
% t=450.83192 plus 6.0 minus 6.0 g=578.15999 b=10000 p=400 c=100000#
% t=462.93199 plus 6.0 minus 6.0 g=578.15999 b=10000 p=0 c=100000#
% t=475.03206 plus 6.0 minus 6.0 g=578.15999 b=10000 p=0 c=100000#
% t=487.13213 plus 6.0 minus 6.0 g=578.15999 b=10000 p=0 c=100000#
% t=499.2322 plus 6.0 minus 6.0 g=578.15999 b=10000 p=0 c=100000#
% t=511.33226 plus 6.0 minus 6.0 g=578.15999 b=10000 p=0 c=100000#
% t=523.43233 plus 6.0 minus 6.0 g=578.15999 b=10000 p=0 c=100000#
% t=535.5324 plus 6.0 minus 6.0 g=578.15999 b=10000 p=0 c=100000#
% t=547.63246 plus 6.0 minus 6.0 g=578.15999 b=10000 p=0 c=100000#
% t=559.73253 plus 6.0 minus 6.0 g=578.15999 b=2894 p=0 c=2894#
% t=571.8326 plus 6.0 minus 6.0 g=578.15999 b=117 p=0 c=117#
% t=583.93266 plus 6.0 minus 6.0 g=578.15999 b=88 p=0 c=88#
% t=596.03273 plus 6.0 minus 6.0 g=578.15999 b=* p=0 c=*
LaTeX Info: Redefining \. on input line 17.
LaTeX Info: Redefining \% on input line 17.


Completed box being shipped out [15] []

pdfTeX warning (ext4): destination with the same identifier (name{figure.3.4}) 
has been already used, duplicate ignored

\AtBegShi@Output ...ipout \box \AtBeginShipoutBox 
                                                  \fi \fi 
l.17  
                   max_cornerx=max_x, <./images/stl_parametrico.png>
%% goal height=578.15999, max depth=5.5
% t=11.0 g=578.15999 b=10000 p=0 c=100000#
% t=23.10007 g=578.15999 b=10000 p=0 c=100000#
% t=35.20013 g=578.15999 b=10000 p=0 c=100000#
% t=47.3002 g=578.15999 b=10000 p=0 c=100000#
% t=59.40027 g=578.15999 b=10000 p=0 c=100000#
% t=71.50034 g=578.15999 b=10000 p=0 c=100000#
% t=83.6004 g=578.15999 b=10000 p=0 c=100000#
% t=95.70047 g=578.15999 b=10000 p=0 c=100000#
% t=107.80054 g=578.15999 b=10000 p=0 c=100000#
% t=119.9006 g=578.15999 b=10000 p=0 c=100000#
% t=132.00067 g=578.15999 b=10000 p=0 c=100000#
)
% t=144.10074 g=578.15999 b=10000 p=-50 c=100000#
)
(./chapters/Capitulo3.tex
% t=153.73079 plus 2.0 minus 2.0 g=578.15999 b=10000 p=0 c=100000#
% t=150.10074 plus 2.0 plus 1.0fil minus 2.0 g=578.15999 b=0 p=-10000 c=-10000#
LaTeX Info: Redefining \. on input line 1.
LaTeX Info: Redefining \% on input line 1.


Completed box being shipped out [16] []

%% goal height=578.15999, max depth=5.5
% t=0.0 g=578.15999 b=10000 p=0 c=100000#
% t=11.0 g=578.15999 b=10000 p=-10001 c=-10001#

Cap\'{\i }tulo 4.
%% goal height=578.15999, max depth=5.5
% t=0.0 g=578.15999 b=10000 p=0 c=100000#
% t=231.82051 plus 6.0 g=578.15999 b=10000 p=0 c=100000#
% t=246.7806 plus 6.0 g=578.15999 b=10000 p=150 c=100000#
% t=261.74068 plus 6.0 g=578.15999 b=10000 p=0 c=100000#
% t=283.50076 plus 8.0 g=578.15999 b=10000 p=250 c=100000#
% t=298.46085 plus 8.0 g=578.15999 b=10000 p=0 c=100000#
% t=313.42093 plus 8.0 g=578.15999 b=10000 p=250 c=100000#
% t=328.38101 plus 8.0 g=578.15999 b=10000 p=-300 c=100000#
% t=390.47899 plus 13.65607 minus 0.94266 g=578.15999 b=10000 p=-51 c=100000#
% t=412.23907 plus 15.65607 minus 0.94266 g=578.15999 b=10000 p=-51 c=100000#
% t=433.99916 plus 17.65607 minus 0.94266 g=578.15999 b=10000 p=-51 c=100000#
% t=455.75925 plus 19.65607 minus 0.94266 g=578.15999 b=10000 p=-51 c=100000#
% t=477.51933 plus 21.65607 minus 0.94266 g=578.15999 b=10000 p=-51 c=100000#
% t=477.51933 plus 21.65607 minus 0.94266 g=578.15999 b=10000 p=-300 c=100000#
% t=545.22827 plus 27.31213 minus 1.88531 g=578.15999 b=175 p=0 c=175#
% t=560.18835 plus 27.31213 minus 1.88531 g=578.15999 b=28 p=100 c=128#
% t=575.14844 plus 27.31213 minus 1.88531 g=578.15999 b=0 p=0 c=0#
% t=590.10852 plus 27.31213 minus 1.88531 g=578.15999 b=* p=150 c=*

Completed box being shipped out [17] []


%% goal height=578.15999, max depth=5.5
% t=11.0 g=578.15999 b=10000 p=150 c=100000#
<images/gui.png, id=303, 791.20593pt x 633.86812pt>
File: images/gui.png Graphic file (type png)
<use images/gui.png>
Package pdftex.def Info: images/gui.png  used on input line 23.
(pdftex.def)             Requested size: 433.62pt x 347.39052pt.
% t=25.96008 g=578.15999 b=10000 p=-10004 c=-10004#
%% goal height=16383.99998, max depth=5.5
% t=11.0 g=16383.99998 b=10000 p=-10003 c=-10003#
%% goal height=578.15999, max depth=5.5
% t=11.0 g=578.15999 b=10000 p=150 c=100000#
% t=25.96008 g=578.15999 b=10000 p=0 c=100000#
% t=429.52803 plus 2.0 minus 2.0 g=578.15999 b=10000 p=0 c=100000#
% t=434.72803 plus 2.0 minus 4.0 g=578.15999 b=10000 p=-300 c=100000#
% t=500.30833 plus 7.65607 minus 4.94266 g=578.15999 b=10000 p=0 c=100000#
% t=515.26842 plus 7.65607 minus 4.94266 g=578.15999 b=10000 p=150 c=100000#
% t=530.2285 plus 7.65607 minus 4.94266 g=578.15999 b=10000 p=0 c=100000#
% t=551.98859 plus 9.65607 minus 4.94266 g=578.15999 b=1983 p=150 c=2133#
% t=566.94867 plus 9.65607 minus 4.94266 g=578.15999 b=155 p=0 c=155#
% t=581.90875 plus 9.65607 minus 4.94266 g=578.15999 b=43 p=0 c=43#
% t=596.86884 plus 9.65607 minus 4.94266 g=578.15999 b=* p=150 c=*
LaTeX Info: Redefining \. on input line 42.
LaTeX Info: Redefining \% on input line 42.


Completed box being shipped out [18] []

pdfTeX warning (ext4): destination with the same identifier (name{figure.4.1}) 
has been already used, duplicate ignored

\AtBegShi@Output ...ipout \box \AtBeginShipoutBox 
                                                  \fi \fi 
l.42 
      <./images/gui.png>
%% goal height=578.15999, max depth=5.5
% t=11.0 g=578.15999 b=10000 p=150 c=100000#
% t=25.96008 g=578.15999 b=10000 p=-300 c=100000#
% t=93.66902 plus 5.65607 minus 0.94266 g=578.15999 b=10000 p=150 c=100000#
% t=108.6291 plus 5.65607 minus 0.94266 g=578.15999 b=10000 p=0 c=100000#
% t=130.38919 plus 7.65607 minus 0.94266 g=578.15999 b=10000 p=150 c=100000#
% t=145.34927 plus 7.65607 minus 0.94266 g=578.15999 b=10000 p=100 c=100000#
% t=160.30936 plus 7.65607 minus 0.94266 g=578.15999 b=10000 p=150 c=100000#
% t=175.26944 plus 7.65607 minus 0.94266 g=578.15999 b=10000 p=-300 c=100000#
% t=242.97838 plus 13.31213 minus 1.88531 g=578.15999 b=10000 p=0 c=100000#
% t=264.73846 plus 15.31213 minus 1.88531 g=578.15999 b=10000 p=250 c=100000#
% t=279.69855 plus 15.31213 minus 1.88531 g=578.15999 b=10000 p=0 c=100000#
% t=294.65863 plus 15.31213 minus 1.88531 g=578.15999 b=10000 p=150 c=100000#
% t=309.61871 plus 15.31213 minus 1.88531 g=578.15999 b=10000 p=-300 c=100000#
<images/uml_diagram.png, id=310, 492.3996pt x 144.66045pt>
File: images/uml_diagram.png Graphic file (type png)
<use images/uml_diagram.png>
Package pdftex.def Info: images/uml_diagram.png  used on input line 68.
(pdftex.def)             Requested size: 411.93767pt x 121.02611pt.
% t=349.9566 plus 18.9682 minus 2.82797 g=578.15999 b=10000 p=-10004 c=-10004#
%% goal height=16383.99998, max depth=5.5
% t=11.0 g=16383.99998 b=10000 p=-10003 c=-10003#
%% goal height=578.15999, max depth=5.5
% t=11.0 g=578.15999 b=10000 p=150 c=100000#
% t=25.96008 g=578.15999 b=10000 p=-300 c=100000#
% t=93.66902 plus 5.65607 minus 0.94266 g=578.15999 b=10000 p=150 c=100000#
% t=108.6291 plus 5.65607 minus 0.94266 g=578.15999 b=10000 p=0 c=100000#
% t=130.38919 plus 7.65607 minus 0.94266 g=578.15999 b=10000 p=150 c=100000#
% t=145.34927 plus 7.65607 minus 0.94266 g=578.15999 b=10000 p=100 c=100000#
% t=160.30936 plus 7.65607 minus 0.94266 g=578.15999 b=10000 p=150 c=100000#
% t=175.26944 plus 7.65607 minus 0.94266 g=578.15999 b=10000 p=-300 c=100000#
% t=242.97838 plus 13.31213 minus 1.88531 g=578.15999 b=10000 p=0 c=100000#
% t=264.73846 plus 15.31213 minus 1.88531 g=578.15999 b=10000 p=250 c=100000#
% t=279.69855 plus 15.31213 minus 1.88531 g=578.15999 b=10000 p=0 c=100000#
% t=294.65863 plus 15.31213 minus 1.88531 g=578.15999 b=10000 p=150 c=100000#
% t=309.61871 plus 15.31213 minus 1.88531 g=578.15999 b=10000 p=-300 c=100000#
% t=510.07143 plus 20.9682 minus 4.82797 g=578.15999 b=3417 p=0 c=3417#
% t=537.03151 plus 22.9682 minus 6.82797 g=578.15999 b=571 p=150 c=721#
% t=551.9916 plus 22.9682 minus 6.82797 g=578.15999 b=147 p=0 c=147#
% t=566.95168 plus 22.9682 minus 6.82797 g=578.15999 b=11 p=150 c=161
% t=581.91176 plus 22.9682 minus 6.82797 g=578.15999 b=17 p=0 c=17#
% t=603.67184 plus 24.9682 minus 6.82797 g=578.15999 b=* p=150 c=*
LaTeX Info: Redefining \. on input line 75.
LaTeX Info: Redefining \% on input line 75.


Completed box being shipped out [19] []

pdfTeX warning (ext4): destination with the same identifier (name{figure.4.2}) 
has been already used, duplicate ignored

\AtBegShi@Output ...ipout \box \AtBeginShipoutBox 
                                                  \fi \fi 
l.75 
      <./images/uml_diagram.png>
%% goal height=578.15999, max depth=5.5
% t=11.0 g=578.15999 b=10000 p=150 c=100000#
% t=25.96008 g=578.15999 b=10000 p=150 c=100000#
% t=40.92017 g=578.15999 b=10000 p=0 c=100000#
% t=62.68025 plus 2.0 g=578.15999 b=10000 p=150 c=100000#
% t=77.64034 plus 2.0 g=578.15999 b=10000 p=150 c=100000#
% t=92.60042 plus 2.0 g=578.15999 b=10000 p=-300 c=100000#
% t=169.65848 plus 7.65607 minus 0.94266 g=578.15999 b=10000 p=-51 c=100000#
% t=191.41856 plus 9.65607 minus 0.94266 g=578.15999 b=10000 p=250 c=100000#
% t=206.37865 plus 9.65607 minus 0.94266 g=578.15999 b=10000 p=0 c=100000#
% t=221.33873 plus 9.65607 minus 0.94266 g=578.15999 b=10000 p=100 c=100000#
% t=236.29881 plus 9.65607 minus 0.94266 g=578.15999 b=10000 p=150 c=100000#
% t=251.2589 plus 9.65607 minus 0.94266 g=578.15999 b=10000 p=-51 c=100000#
% t=273.01898 plus 11.65607 minus 0.94266 g=578.15999 b=10000 p=300 c=100000#
% t=287.97906 plus 11.65607 minus 0.94266 g=578.15999 b=10000 p=-51 c=100000#
% t=309.73915 plus 13.65607 minus 0.94266 g=578.15999 b=10000 p=250 c=100000#
% t=324.69923 plus 13.65607 minus 0.94266 g=578.15999 b=10000 p=0 c=100000#
% t=339.65932 plus 13.65607 minus 0.94266 g=578.15999 b=10000 p=150 c=100000#
% t=354.6194 plus 13.65607 minus 0.94266 g=578.15999 b=10000 p=-51 c=100000#
% t=376.37949 plus 15.65607 minus 0.94266 g=578.15999 b=10000 p=300 c=100000#
% t=391.33957 plus 15.65607 minus 0.94266 g=578.15999 b=10000 p=-51 c=100000#
% t=413.09966 plus 17.65607 minus 0.94266 g=578.15999 b=10000 p=150 c=100000#
% t=428.05974 plus 17.65607 minus 0.94266 g=578.15999 b=10000 p=0 c=100000#
% t=443.01982 plus 17.65607 minus 0.94266 g=578.15999 b=10000 p=150 c=100000#
% t=457.9799 plus 17.65607 minus 0.94266 g=578.15999 b=10000 p=-51 c=100000#
% t=460.7168 plus 17.65607 minus 0.94266 g=578.15999 b=10000 p=-300 c=100000#
) (./chapters/Capitulo4.tex
% t=535.03796 plus 23.31213 minus 1.88531 g=578.15999 b=631 p=150 c=781#
% t=549.99805 plus 23.31213 minus 1.88531 g=578.15999 b=175 p=0 c=175#
% t=549.99805 plus 23.31213 plus 1.0fil minus 1.88531 g=578.15999 b=0 p=-10000 
c=-10000#
LaTeX Info: Redefining \. on input line 1.
LaTeX Info: Redefining \% on input line 1.


Completed box being shipped out [20] []

%% goal height=578.15999, max depth=5.5
% t=0.0 g=578.15999 b=10000 p=0 c=100000#
% t=11.0 g=578.15999 b=10000 p=-10001 c=-10001#

Cap\'{\i }tulo 5.
%% goal height=578.15999, max depth=5.5
% t=0.0 g=578.15999 b=10000 p=0 c=100000#
% t=231.82051 plus 6.0 g=578.15999 b=10000 p=150 c=100000#
% t=246.7806 plus 6.0 g=578.15999 b=10000 p=-300 c=100000#
% t=308.87857 plus 11.65607 minus 0.94266 g=578.15999 b=10000 p=0 c=100000#
% t=330.63866 plus 13.65607 minus 0.94266 g=578.15999 b=10000 p=150 c=100000#
% t=345.59874 plus 13.65607 minus 0.94266 g=578.15999 b=10000 p=0 c=100000#
% t=360.55882 plus 13.65607 minus 0.94266 g=578.15999 b=10000 p=0 c=100000#
% t=375.5189 plus 13.65607 minus 0.94266 g=578.15999 b=10000 p=150 c=100000#
% t=390.47899 plus 13.65607 minus 0.94266 g=578.15999 b=10000 p=-300 c=100000#
% t=467.53705 plus 19.31213 minus 1.88531 g=578.15999 b=10000 p=150 c=100000#
% t=482.49713 plus 19.31213 minus 1.88531 g=578.15999 b=10000 p=0 c=100000#
% t=504.25722 plus 21.31213 minus 1.88531 g=578.15999 b=4156 p=150 c=4306#
% t=519.2173 plus 21.31213 minus 1.88531 g=578.15999 b=2111 p=0 c=2111#
% t=534.17738 plus 21.31213 minus 1.88531 g=578.15999 b=874 p=0 c=874#
% t=549.13747 plus 21.31213 minus 1.88531 g=578.15999 b=252 p=0 c=252#
% t=564.09755 plus 21.31213 minus 1.88531 g=578.15999 b=28 p=150 c=178#
% t=579.05763 plus 21.31213 minus 1.88531 g=578.15999 b=11 p=0 c=11#
% t=600.81772 plus 23.31213 minus 1.88531 g=578.15999 b=* p=300 c=*

Completed box being shipped out [21] []


%% goal height=578.15999, max depth=5.5
% t=11.0 g=578.15999 b=10000 p=300 c=100000#
% t=25.96008 g=578.15999 b=10000 p=-51 c=100000#
% t=47.72017 plus 2.0 g=578.15999 b=10000 p=-51 c=100000#
% t=69.48026 plus 4.0 g=578.15999 b=10000 p=-51 c=100000#
% t=91.24034 plus 6.0 g=578.15999 b=10000 p=150 c=100000#
% t=106.20042 plus 6.0 g=578.15999 b=10000 p=0 c=100000#
% t=121.1605 plus 6.0 g=578.15999 b=10000 p=0 c=100000#
% t=136.12059 plus 6.0 g=578.15999 b=10000 p=150 c=100000#
% t=151.08067 plus 6.0 g=578.15999 b=10000 p=-300 c=100000#
)
% t=213.17865 plus 11.65607 minus 0.94266 g=578.15999 b=10000 p=0 c=100000#
% t=213.17865 plus 11.65607 plus 1.0fil minus 0.94266 g=578.15999 b=0 p=-10000 
c=-10000#
LaTeX Info: Redefining \. on input line 46.
LaTeX Info: Redefining \% on input line 46.


Completed box being shipped out [22] []



LaTeX Warning: Empty bibliography on input line 51.

%% goal height=578.15999, max depth=5.5
% t=0.0 g=578.15999 b=10000 p=0 c=100000#
% t=11.0 g=578.15999 b=10000 p=-10001 c=-10001#
Package atveryend Info: Empty hook `BeforeClearDocument' on input line 53.
%% goal height=578.15999, max depth=5.5
% t=0.0 g=578.15999 b=10000 p=0 c=100000#
% t=11.0 g=578.15999 b=10000 p=-10001 c=-10001#
Package atveryend Info: Empty hook `AfterLastShipout' on input line 53.
(./TFG.aux
LaTeX Info: Redefining \. on input line 32.
LaTeX Info: Redefining \% on input line 32.
LaTeX Info: Redefining \. on input line 34.
LaTeX Info: Redefining \% on input line 34.
)
Package atveryend Info: Executing hook `AtVeryEndDocument' on input line 53.
Package atveryend Info: Empty hook `AtEndAfterFileList' on input line 53.


LaTeX Warning: There were undefined references.


LaTeX Warning: There were multiply-defined labels.


Package biblatex Warning: Please (re)run BibTeX on the file(s):
(biblatex)                TFG
(biblatex)                and rerun LaTeX afterwards.

Package logreq Info: Writing requests to 'TFG.run.xml'.
\openout1 = `TFG.run.xml'.

%% goal height=578.15999, max depth=5.5
% t=0.0 g=578.15999 b=10000 p=0 c=100000#
% t=11.0 g=578.15999 b=10000 p=0 c=100000#
% t=11.0 plus 1.0fill g=578.15999 b=0 p=-1073741824 c=-1073741824#
 ) 
Here is how much of TeX's memory you used:
 31656 strings out of 483007
 554523 string characters out of 5961757
 1287590 words of memory out of 5000000
 45978 multiletter control sequences out of 15000+600000
 557860 words of font info for 84 fonts, out of 8000000 for 9000
 107 hyphenation exceptions out of 8191
 63i,9n,62p,1438b,3699s stack positions out of 5000i,500n,10000p,200000b,80000s
 </home/kriptor/.texlive2019/texmf-var/fonts/pk/ljfour/jknappen/ec/ectt0900.6
00pk> </home/kriptor/.texlive2019/texmf-var/fonts/pk/ljfour/jknappen/ec/ecrm090
0.600pk> </home/kriptor/.texlive2019/texmf-var/fonts/pk/ljfour/jknappen/ec/ecrm
0600.600pk> </home/kriptor/.texlive2019/texmf-var/fonts/pk/ljfour/jknappen/ec/e
crm0800.600pk> </home/kriptor/.texlive2019/texmf-var/fonts/pk/ljfour/jknappen/e
c/ecbx1200.600pk> </home/kriptor/.texlive2019/texmf-var/fonts/pk/ljfour/jknappe
n/ec/ecbx2074.600pk> </home/kriptor/.texlive2019/texmf-var/fonts/pk/ljfour/jkna
ppen/ec/ecsl1095.600pk> </home/kriptor/.texlive2019/texmf-var/fonts/pk/ljfour/j
knappen/ec/ecbx2488.600pk> </home/kriptor/.texlive2019/texmf-var/fonts/pk/ljfou
r/jknappen/ec/ecbx1095.600pk> </home/kriptor/.texlive2019/texmf-var/fonts/pk/lj
four/jknappen/ec/ecbx1440.600pk> </home/kriptor/.texlive2019/texmf-var/fonts/pk
/ljfour/jknappen/ec/ecti1095.600pk> </home/kriptor/.texlive2019/texmf-var/fonts
/pk/ljfour/jknappen/ec/ecrm1095.600pk> </home/kriptor/.texlive2019/texmf-var/fo
nts/pk/ljfour/jknappen/ec/eccc1440.600pk> </home/kriptor/.texlive2019/texmf-var
/fonts/pk/ljfour/jknappen/ec/eccc1200.600pk> </home/kriptor/.texlive2019/texmf-
var/fonts/pk/ljfour/jknappen/ec/ecxc1095.600pk> </home/kriptor/.texlive2019/tex
mf-var/fonts/pk/ljfour/jknappen/ec/ecxc1200.600pk> </home/kriptor/.texlive2019/
texmf-var/fonts/pk/ljfour/jknappen/ec/ecxc1728.600pk></usr/share/texlive/texmf-
dist/fonts/type1/public/amsfonts/cm/cmbx10.pfb></usr/share/texlive/texmf-dist/f
onts/type1/public/amsfonts/cm/cmbx9.pfb></usr/share/texlive/texmf-dist/fonts/ty
pe1/public/amsfonts/cm/cmex10.pfb></usr/share/texlive/texmf-dist/fonts/type1/pu
blic/amsfonts/cm/cmmi10.pfb></usr/share/texlive/texmf-dist/fonts/type1/public/a
msfonts/cm/cmmi6.pfb></usr/share/texlive/texmf-dist/fonts/type1/public/amsfonts
/cm/cmmi8.pfb></usr/share/texlive/texmf-dist/fonts/type1/public/amsfonts/cm/cmm
i9.pfb></usr/share/texlive/texmf-dist/fonts/type1/public/amsfonts/cm/cmr10.pfb>
</usr/share/texlive/texmf-dist/fonts/type1/public/amsfonts/cm/cmr5.pfb></usr/sh
are/texlive/texmf-dist/fonts/type1/public/amsfonts/cm/cmr6.pfb></usr/share/texl
ive/texmf-dist/fonts/type1/public/amsfonts/cm/cmr8.pfb></usr/share/texlive/texm
f-dist/fonts/type1/public/amsfonts/cm/cmr9.pfb></usr/share/texlive/texmf-dist/f
onts/type1/public/amsfonts/cm/cmsy10.pfb></usr/share/texlive/texmf-dist/fonts/t
ype1/public/amsfonts/cm/cmsy6.pfb></usr/share/texlive/texmf-dist/fonts/type1/pu
blic/amsfonts/cm/cmsy8.pfb></usr/share/texlive/texmf-dist/fonts/type1/public/am
sfonts/cm/cmsy9.pfb></usr/share/texlive/texmf-dist/fonts/type1/public/amsfonts/
symbols/msbm10.pfb>
Output written on TFG.pdf (32 pages, 1096780 bytes).
PDF statistics:
 1129 PDF objects out of 1200 (max. 8388607)
 511 compressed objects within 6 object streams
 113 named destinations out of 1000 (max. 500000)
 383 words of extra memory for PDF output out of 10000 (max. 10000000)

